 [2024-07-07T16:44:10]  on ready send "{\"Request\":\"Log\",\"Response\":\"0\"}" 

 [2024-07-07T16:44:16]  on ready send "{\"Request\":\"Log\",\"Response\":\"0\"}" 

 [2024-07-07T16:48:03]  on ready read "{\"Request\":\"Log\",\"password\":\"1234\",\"username\":\"refaathassan\"}"      "7b2252657175657374223a224c6f67222c2270617373776f7264223a2231323334222c22757365726e616d65223a2272656661617468617373616e227d" 

 [2024-07-07T16:48:03]  Request from  admin to log   

 [2024-07-07T16:48:03]  on ready send "{\"Request\":\"Log\",\"Response\":\"1\",\"type\":\"admin\"}" 

 [2024-07-07T16:48:53]  on ready read "{\"Request\":\"ViewAccountBalance\",\"accountnumber\":\"\"}"      "7b2252657175657374223a22566965774163636f756e7442616c616e6365222c226163636f756e746e756d626572223a22227d" 

 [2024-07-07T16:48:53]  Request from admin to View Account Balance 

 [2024-07-07T16:48:53]  on ready send "{\"Request\":\"GetAccountNumber\",\"Response\":\"no account number like that\"}" 

 [2024-07-07T16:49:04]  on ready read "{\"Request\":\"ViewAccountBalance\",\"accountnumber\":\"\"}"      "7b2252657175657374223a22566965774163636f756e7442616c616e6365222c226163636f756e746e756d626572223a22227d" 

 [2024-07-07T16:49:04]  Request from admin to View Account Balance 

 [2024-07-07T16:49:04]  on ready send "{\"Request\":\"GetAccountNumber\",\"Response\":\"no account number like that\"}" 

 [2024-07-07T16:49:14]  on ready read "{\"Request\":\"GetAccountNumber\",\"username\":\"mohamed\"}"      "7b2252657175657374223a224765744163636f756e744e756d626572222c22757365726e616d65223a226d6f68616d6564227d" 

 [2024-07-07T16:49:14]  Request from admin to Get Account Number 

 [2024-07-07T16:49:14]  on ready send "{\"Request\":\"GetAccountNumber\",\"Response\":\"34323\"}" 

 [2024-07-07T16:49:31]  on ready read "{\"Request\":\"ViewDataBase\"}"      "7b2252657175657374223a22566965774461746142617365227d" 

 [2024-07-07T16:49:31]  Request from admin to View Data Base 

 [2024-07-07T16:49:31]  on ready send "{\"Request\":\"ViewDataBase\",\"Response\":[{\"accountnumber\":\"34323\",\"balance\":85,\"fullname\":\"ali hassan  ahmed\",\"password\":\"12345\",\"type\":\"user\",\"username\":\"mohamed\"},{\"accountnumber\":\"3432\",\"balance\":200,\"fullname\":\"ali hassan  ahmed\",\"password\":\"1245\",\"type\":\"user\",\"username\":\"alis\"},{\"accountnumber\":null,\"balance\":null,\"fullname\":\"sdf dfas\",\"password\":\"1234\",\"type\":\"admin\",\"username\":\"refaathassan\"},{\"accountnumber\":\"543139\",\"balance\":12,\"fullname\":\" \",\"password\":\"eeeeeee\",\"type\":\"user\",\"username\":\"mohamednew\"}]}" 

 [2024-07-07T16:49:54]  on ready read "{\"Request\":\"ViewAccountBalance\",\"accountnumber\":\"mohamed\"}"      "7b2252657175657374223a22566965774163636f756e7442616c616e6365222c226163636f756e746e756d626572223a226d6f68616d6564227d" 

 [2024-07-07T16:49:54]  Request from admin to View Account Balance 

 [2024-07-07T16:49:54]  on ready send "{\"Request\":\"ViewAccountBalance\",\"Response\":85}" 

 [2024-07-07T16:50:05]  on ready read "{\"Request\":\"ViewAccountBalance\",\"accountnumber\":\"mohamed\"}"      "7b2252657175657374223a22566965774163636f756e7442616c616e6365222c226163636f756e746e756d626572223a226d6f68616d6564227d" 

 [2024-07-07T16:50:05]  Request from admin to View Account Balance 

 [2024-07-07T16:50:05]  on ready send "{\"Request\":\"ViewAccountBalance\",\"Response\":85}" 

 [2024-07-07T16:50:09]  on ready read "{\"Request\":\"ViewAccountBalance\",\"accountnumber\":\"mohamed\"}"      "7b2252657175657374223a22566965774163636f756e7442616c616e6365222c226163636f756e746e756d626572223a226d6f68616d6564227d" 

 [2024-07-07T16:50:09]  Request from admin to View Account Balance 

 [2024-07-07T16:50:09]  on ready send "{\"Request\":\"ViewAccountBalance\",\"Response\":85}" 

 [2024-07-07T16:50:27]  on ready read "{\"Request\":\"ViewAccountBalance\",\"accountnumber\":\"mohamed\"}"      "7b2252657175657374223a22566965774163636f756e7442616c616e6365222c226163636f756e746e756d626572223a226d6f68616d6564227d" 

 [2024-07-07T16:50:27]  Request from admin to View Account Balance 

 [2024-07-07T16:50:27]  on ready send "{\"Request\":\"ViewAccountBalance\",\"Response\":85}" 

 [2024-07-07T16:54:56]  on ready read "{\"Request\":\"Log\",\"password\":\"1234\",\"username\":\"refaathassan\"}"      "7b2252657175657374223a224c6f67222c2270617373776f7264223a2231323334222c22757365726e616d65223a2272656661617468617373616e227d" 

 [2024-07-07T16:54:56]  Request from  admin to log   

 [2024-07-07T16:55:02]  on ready read "{\"Request\":\"GetAccountNumber\",\"username\":\"mohamed\"}"      "7b2252657175657374223a224765744163636f756e744e756d626572222c22757365726e616d65223a226d6f68616d6564227d" 

 [2024-07-07T16:55:02]  Request from admin to Get Account Number 

 [2024-07-07T16:55:09]  on ready read "{\"Request\":\"ViewAccountBalance\",\"accountnumber\":\"mohamed\"}"      "7b2252657175657374223a22566965774163636f756e7442616c616e6365222c226163636f756e746e756d626572223a226d6f68616d6564227d" 

 [2024-07-07T16:55:09]  Request from admin to View Account Balance 

 [2024-07-07T16:55:13]  on ready read "{\"Request\":\"ViewDataBase\"}"      "7b2252657175657374223a22566965774461746142617365227d" 

 [2024-07-07T16:55:13]  Request from admin to View Data Base 

 [2024-07-07T16:55:23]  on ready read "{\"Request\":\"ViewAccountBalance\",\"accountnumber\":\"mohamed\"}"      "7b2252657175657374223a22566965774163636f756e7442616c616e6365222c226163636f756e746e756d626572223a226d6f68616d6564227d" 

 [2024-07-07T16:55:23]  Request from admin to View Account Balance 

 [2024-07-07T16:59:39]  on ready read "{\"Request\":\"ViewAccountBalance\",\"accountnumber\":\"mohamed\"}"      "7b2252657175657374223a22566965774163636f756e7442616c616e6365222c226163636f756e746e756d626572223a226d6f68616d6564227d" 

 [2024-07-07T16:59:39]  Request from admin to View Account Balance 

 [2024-07-07T17:01:47]  on ready read "{\"Request\":\"GetAccountNumber\",\"username\":\"alis\"}"      "7b2252657175657374223a224765744163636f756e744e756d626572222c22757365726e616d65223a22616c6973227d" 

 [2024-07-07T17:01:47]  Request from admin to Get Account Number 

 [2024-07-07T17:03:14]  on ready read "{\"Request\":\"Log\",\"password\":\"1234\",\"username\":\"refaathassan\"}"      "7b2252657175657374223a224c6f67222c2270617373776f7264223a2231323334222c22757365726e616d65223a2272656661617468617373616e227d" 

 [2024-07-07T17:03:14]  Request from  admin to log   

 [2024-07-07T17:03:15]  on ready read "{\"Request\":\"ViewDataBase\"}"      "7b2252657175657374223a22566965774461746142617365227d" 

 [2024-07-07T17:03:15]  Request from admin to View Data Base 

 [2024-07-07T17:03:25]  on ready read "{\"Request\":\"GetAccountNumber\",\"username\":\"mohamed\"}"      "7b2252657175657374223a224765744163636f756e744e756d626572222c22757365726e616d65223a226d6f68616d6564227d" 

 [2024-07-07T17:03:25]  Request from admin to Get Account Number 

 [2024-07-07T17:03:29]  on ready read "{\"Request\":\"GetAccountNumber\",\"username\":\"alis\"}"      "7b2252657175657374223a224765744163636f756e744e756d626572222c22757365726e616d65223a22616c6973227d" 

 [2024-07-07T17:03:29]  Request from admin to Get Account Number 

 [2024-07-07T17:03:34]  on ready read "{\"Request\":\"GetAccountNumber\",\"username\":\"refaat\"}"      "7b2252657175657374223a224765744163636f756e744e756d626572222c22757365726e616d65223a22726566616174227d" 

 [2024-07-07T17:03:34]  Request from admin to Get Account Number 

 [2024-07-07T17:03:50]  on ready read "{\"Request\":\"ViewTransactionHistory\",\"accountnumber\":\"\",\"count\":5}"      "7b2252657175657374223a22566965775472616e73616374696f6e486973746f7279222c226163636f756e746e756d626572223a22222c22636f756e74223a357d" 

 [2024-07-07T17:03:50]  Request from admin to View Transaction History 

 [2024-07-07T17:03:52]  on ready read "{\"Request\":\"ViewTransactionHistory\",\"accountnumber\":\"\",\"count\":5}"      "7b2252657175657374223a22566965775472616e73616374696f6e486973746f7279222c226163636f756e746e756d626572223a22222c22636f756e74223a357d" 

 [2024-07-07T17:03:52]  Request from admin to View Transaction History 

 [2024-07-07T17:03:52]  on ready read "{\"Request\":\"ViewTransactionHistory\",\"accountnumber\":\"\",\"count\":5}"      "7b2252657175657374223a22566965775472616e73616374696f6e486973746f7279222c226163636f756e746e756d626572223a22222c22636f756e74223a357d" 

 [2024-07-07T17:03:52]  Request from admin to View Transaction History 

 [2024-07-07T17:03:54]  on ready read "{\"Request\":\"ViewTransactionHistory\",\"accountnumber\":\"\",\"count\":5}"      "7b2252657175657374223a22566965775472616e73616374696f6e486973746f7279222c226163636f756e746e756d626572223a22222c22636f756e74223a357d" 

 [2024-07-07T17:03:54]  Request from admin to View Transaction History 

 [2024-07-07T17:03:54]  on ready read "{\"Request\":\"ViewTransactionHistory\",\"accountnumber\":\"\",\"count\":5}"      "7b2252657175657374223a22566965775472616e73616374696f6e486973746f7279222c226163636f756e746e756d626572223a22222c22636f756e74223a357d" 

 [2024-07-07T17:03:54]  Request from admin to View Transaction History 

 [2024-07-07T17:03:54]  on ready read "{\"Request\":\"ViewTransactionHistory\",\"accountnumber\":\"\",\"count\":5}"      "7b2252657175657374223a22566965775472616e73616374696f6e486973746f7279222c226163636f756e746e756d626572223a22222c22636f756e74223a357d" 

 [2024-07-07T17:03:54]  Request from admin to View Transaction History 

 [2024-07-07T17:03:54]  on ready read "{\"Request\":\"ViewTransactionHistory\",\"accountnumber\":\"\",\"count\":5}"      "7b2252657175657374223a22566965775472616e73616374696f6e486973746f7279222c226163636f756e746e756d626572223a22222c22636f756e74223a357d" 

 [2024-07-07T17:03:54]  Request from admin to View Transaction History 

 [2024-07-07T17:04:00]  on ready read "{\"Request\":\"ViewTransactionHistory\",\"accountnumber\":\"\",\"count\":5}"      "7b2252657175657374223a22566965775472616e73616374696f6e486973746f7279222c226163636f756e746e756d626572223a22222c22636f756e74223a357d" 

 [2024-07-07T17:04:00]  Request from admin to View Transaction History 

 [2024-07-07T17:04:53]  on ready read "{\"Request\":\"ViewTransactionHistory\",\"accountnumber\":\"\",\"count\":5}"      "7b2252657175657374223a22566965775472616e73616374696f6e486973746f7279222c226163636f756e746e756d626572223a22222c22636f756e74223a357d" 

 [2024-07-07T17:04:53]  Request from admin to View Transaction History 

 [2024-07-07T17:06:33]  on ready read "{\"Request\":\"UpdateUser\",\"accountnumber\":\"43\",\"balance\":\"\",\"fullname\":\"\",\"password\":\"\",\"type\":\"user\",\"username\":\"\"}"      "7b2252657175657374223a2255706461746555736572222c226163636f756e746e756d626572223a223433222c2262616c616e6365223a22222c2266756c6c6e616d65223a22222c2270617373776f7264223a22222c2274797065223a2275736572222c22757365726e616d65223a22227d" 

 [2024-07-07T17:06:33]  Request from admin to UpdateUser 

 [2024-07-07T17:09:23]  on ready read "{\"Request\":\"Log\",\"password\":\"1234\",\"username\":\"refaathassan\"}"      "7b2252657175657374223a224c6f67222c2270617373776f7264223a2231323334222c22757365726e616d65223a2272656661617468617373616e227d" 

 [2024-07-07T17:09:23]  Request from  admin to log   

 [2024-07-07T17:09:26]  on ready read "{\"Request\":\"GetAccountNumber\",\"username\":\"\"}"      "7b2252657175657374223a224765744163636f756e744e756d626572222c22757365726e616d65223a22227d" 

 [2024-07-07T17:09:26]  Request from admin to Get Account Number 

 [2024-07-07T17:09:30]  on ready read "{\"Request\":\"GetAccountNumber\",\"username\":\"fsd\"}"      "7b2252657175657374223a224765744163636f756e744e756d626572222c22757365726e616d65223a22667364227d" 

 [2024-07-07T17:09:30]  Request from admin to Get Account Number 

 [2024-07-07T17:09:34]  on ready read "{\"Request\":\"GetAccountNumber\",\"username\":\"3234\"}"      "7b2252657175657374223a224765744163636f756e744e756d626572222c22757365726e616d65223a2233323334227d" 

 [2024-07-07T17:09:34]  Request from admin to Get Account Number 

 [2024-07-07T17:09:41]  on ready read "{\"Request\":\"GetAccountNumber\",\"username\":\"3432\"}"      "7b2252657175657374223a224765744163636f756e744e756d626572222c22757365726e616d65223a2233343332227d" 

 [2024-07-07T17:09:41]  Request from admin to Get Account Number 

 [2024-07-07T17:09:53]  on ready read "{\"Request\":\"GetAccountNumber\",\"username\":\"alis\"}"      "7b2252657175657374223a224765744163636f756e744e756d626572222c22757365726e616d65223a22616c6973227d" 

 [2024-07-07T17:09:53]  Request from admin to Get Account Number 

 [2024-07-07T17:09:57]  on ready read "{\"Request\":\"ViewAccountBalance\",\"accountnumber\":\"3432\"}"      "7b2252657175657374223a22566965774163636f756e7442616c616e6365222c226163636f756e746e756d626572223a2233343332227d" 

 [2024-07-07T17:09:57]  Request from admin to View Account Balance 

 [2024-07-07T17:12:19]  on ready read "{\"Request\":\"Log\",\"password\":\"1234\",\"username\":\"refaathassan\"}"      "7b2252657175657374223a224c6f67222c2270617373776f7264223a2231323334222c22757365726e616d65223a2272656661617468617373616e227d" 

 [2024-07-07T17:12:19]  Request from  admin to log   

 [2024-07-07T17:12:23]  on ready read "{\"Request\":\"ViewAccountBalance\",\"accountnumber\":\"3234\"}"      "7b2252657175657374223a22566965774163636f756e7442616c616e6365222c226163636f756e746e756d626572223a2233323334227d" 

 [2024-07-07T17:12:23]  Request from admin to View Account Balance 

 [2024-07-07T17:12:45]  on ready read "{\"Request\":\"ViewAccountBalance\",\"accountnumber\":\"3432\"}"      "7b2252657175657374223a22566965774163636f756e7442616c616e6365222c226163636f756e746e756d626572223a2233343332227d" 

 [2024-07-07T17:12:45]  Request from admin to View Account Balance 

 [2024-07-07T17:12:55]  on ready read "{\"Request\":\"GetAccountNumber\",\"username\":\"\"}"      "7b2252657175657374223a224765744163636f756e744e756d626572222c22757365726e616d65223a22227d" 

 [2024-07-07T17:12:55]  Request from admin to Get Account Number 

 [2024-07-07T17:12:59]  on ready read "{\"Request\":\"ViewAccountBalance\",\"accountnumber\":\"\"}"      "7b2252657175657374223a22566965774163636f756e7442616c616e6365222c226163636f756e746e756d626572223a22227d" 

 [2024-07-07T17:12:59]  Request from admin to View Account Balance 

 [2024-07-08T19:01:34]  on ready read "{\"Request\":\"Log\",\"password\":\"\",\"username\":\"refaathassan\"}"      "6qenRsbdmDmYkstrAxoDSz1Ka71o+Qbc5HwcpvsCa4b9WTka7/j/AIv8lBRkr3QHWb1RiODEcT4VS1MNp45qIQtxufLgQ+lW51aKXVnf2vvJS8iocUItHJCkH4wVxcTLvIRcdAZMG1H+J6mNhNB5Jm6bLJklbn9KQpxdd1gTpNSkArvIteRYWfNdy4TeLZp7OUM4cBioQaST5upM63sdFgL5E0MreqJuVZiMN4ZS0U43GnExRefNN0qHSFCfVg7Dnjv+uOw4IBLPtvTW0hugpxaOKAzN/IwOfMlburKbNcEiNC165SBV+IfOm4PcfkrRQKOdH+zeaV1KmlsWdDWTv7yxHiWgp/EJ74kPbeXYMRWEvLVIQtwmJljUbfqZbQ8C7Wy6YVnMB2O4AIRVN0cQsfnJaNz8yU1M8KNoFF+3+gQ=" 

 [2024-07-08T19:01:37]  on ready read "{\"Request\":\"Log\",\"password\":\"1234\",\"username\":\"refaathassan\"}"      "6qenRsbdmDmYkstrAxoDSwIx2HZeevPYEOniGV6M6AWqAMZfm8xtX/6a/zqH2ihfQRq7Lo4Pk+ZtoNuNMeWlGQWOqSsxnK85ux13Ow84V73HH3HsHPouhuGPQNVcW8K0q1Di8ZNT0zW+ZNxB4qD0d0OcihhisxBgTy+aY6AlT6F15elT+rNgnbk/czUcHmw83JN90tRP6zp40MpxqWBP5MveVSFVc7orE+pGjUY9s1yF7LhI6l0KFmo3wA9u/Kpn8ud2WGVrGGRzp7jTZwaR1WwxXADBYknS/SSIKjQ1VscECkl6CsjuaN/ViqVlSJzt2ZDXkwbSVrJxsnWIflEMJ29/ibvKo2q4LReM1yABPsjormnMcQncL9AeK88rmnHVx7llLsL3WKGULv/venXJumeyYCXmn5Y58byGlT1irEk=" 

 [2024-07-08T19:01:37]  Request from  admin to log   

 [2024-07-08T20:17:08]  on ready read "{\"Request\":\"Log\",\"password\":\"12343\",\"username\":\"mohamed\"}"      "6qenRsbdmDmYkstrAxoDSwIx2HZeevPYEOniGV6M6AWd2O9Ddc1niCh6h/xahi/259ZSu3UevfN3obgSofE+dAwsgiy5mqLWwSV/6CVlDdxPHbyhksQhBDzazl4atQUS7PU3nKpKedgX3HLetNECTX58sov+ez4xplkW2lj+F9b9wuRQrF9ef/NJtpCD0N6zyA24fd/3NzIAEB/7RwXaFAsxx7YKymcIhwg1lnXn3daBc73kQc+HCyui7/MwXwpBqlvCPDvA8JrwVztisYJ047ho3/fjMgZnrnEFyt9wAEXqs4MzcBoWfzwI3rxdPG8zobM4YgEW4tvKZxd9SSVrEHwLJwSq6zFU/n9r4613Y9OGN8cZef0ALTy6WRcVN3vZP/KIZEHsD7qYF6ssNGljllv8pKT5cmnsNMVlIRjBYtc=" 

 [2024-07-08T20:17:12]  on ready read "{\"Request\":\"Log\",\"password\":\"12344\",\"username\":\"mohamed\"}"      "6qenRsbdmDmYkstrAxoDSwIx2HZeevPYEOniGV6M6AWx+McKQNj1mip19Hg7oAQV9ZR3fyQVoggvjyADoi9m2luZao2gpiKmbwShcL8pilm5+RsMiO/ldEB17AEXhVdecM6HgSQDkWp5nfwngop524JxOUg/1DjP7lm9dM5FYk1AvKOlBkMvBFYLWQWuUZ2/n3d3gv1dJJYINUpEy5ZI/5KpX6Q2qun4v7hfH9FRbMTyvzPU3dba+dUc9XJBD6eWDmFbQiP+vSON+e2RtC7VPecXxj+w9UbKlE0dczNM5NrGXUFaykhSStLPe78GXkotnccNxQ1yvLlhk1mpwPjzyPtdnbpm0VjDGM3gDTV+Bvty8JGO8qoZVxEC8fNPuZxJi2Ok/MMUf480VjhKB1ft6iGbaZ3RwwocaGJjlWwi81k=" 

 [2024-07-08T20:17:16]  on ready read "{\"Request\":\"Log\",\"password\":\"12345\",\"username\":\"mohamed\"}"      "6qenRsbdmDmYkstrAxoDSwIx2HZeevPYEOniGV6M6AXpIqDJniDUoHMzbJjR8Aw1rEdFptreKv3KvaKhlpLxZrNL9B+3cItl3EQ0pcXGFdGUeZFJFVyk1yecqe7l2ZdeXzKRMBwcv99ls979OoFy5iZarxei17RjEI0j31l+kx3YyV48l/zSM0L2CHPC52jYErXfsdAJUG21lFsZksLgvF1iIN8T09Jjs/648PqKFw1krRTz4T72c/7coyqWbYw/ypw/OGbj/RkXuqTOzCPsiYe8HUjGpcZARYIww0hqNQzxDD4V4jFY9vFbbY0tAJjrJO3V19EZpMYZFDlZNg7iR/fehGyc3fZZHQY6swZ6QpmthcRacqLSIZzXLE69pSuvvVLHBkzOWk/6TglFnP4YWV+CaYC0KZy8Gk5grvTPh5Y=" 

 [2024-07-08T20:17:16]  Request from   "mohamed"  to log   

 [2024-07-08T20:17:19]  on ready read "{\"Request\":\"GetAccountNumber\"}"      "vfoyf8otzfkj5y3cQNCujawfsCNENcQadSUUpMnQnVjitb0Ed7k2sC4WZ+/tr7hxe0CFFNSKHNmBOByi0+wgr0HlkX6BCI2v4peEdFT0GcQCWj/56eZLl4t7hixDl4nmRFKNwYbe+PJyaF81C0IqoM5MJgBUmG7auzz85osuXSAwgNDEf+SQm1L7vGD1KXsRW4Be17eqEWR0dZ3q1uNoMbX2yOKsuuPvu1e01smDnjchztovKwrSMfgDocnMUCtpraLY39K+KpcXWFzL2Ulpm45rR6X1d920jUn0ghv0aHMSWbv/7YUphWW4Jao6M1DkvJVATL6snvrQZdiFh6SHSa+mlEFqRFMQxPEaRjX1e15juX+Q74gZx2Ke2oiv2f+3" 

 [2024-07-08T20:17:19]  Request from user   "34323"  to Get Account Number   

 [2024-07-08T20:18:15]  on ready read "{\"Request\":\"ViewAccountBalance\"}"      "YQRJgxGW4qnkMpwGoGbBRl3zYatUNXKbdXxdKGFftxpXIu+Opdu4J21LT7+N9kN3UCz+DDabGkJiDSdP0o0xfRESgP1z0uEfL60LW/CvRgVUsGR3PqtQxGDqRUVSo3uWEwyCOVS3nMS8QLEOmXxyDYW5W5uVriNonN4TlG1isk4SFtm9GojClxQwsoy3tpGzQeDddSbs8vduy+AzcfgId4JzBXeXP+BMjSkjGcGU214O5U6gqdxWMEsl8k4zSxX3xryPjPYWzyQ0PaLygcesFth8+dHT4tmlC+TPYYeiXANW065zdbEs74I/IltJFvHz4ZJ6wTln3rxfGGdxTpzgxRX8cCrRx34cQBIqn9iBy+eN2TwJhXjLKljtAGV5j2ENJTBNpDNrUmrtqWqPlcqUAQ==" 

 [2024-07-08T20:18:15]  Request from user   "34323"  to View Account Balance 

 [2024-07-08T20:18:16]  on ready read "{\"Request\":\"ViewTransactionHistory\",\"count\":5}"      "YQRJgxGW4qnkMpwGoGbBRpmh8in7CIkhIe8Zsp7uSlzFhEIBWQyvd3H5iVE8t53opBmw7p6Cga8IWhrtadCrh8XuFuruKEKSF8duMHNgk28C1YZQJEZW1t1iyhMjnuNPOp1hzYEx8CW7GVe+1Gkw5ltFcsl9/O8Ti//XYrRYSNAfHcKXEYhsWqSPpGwSb4Ezu1sG95pM3rUekNaC+Mklk3A9T2HVidhAPOJu7at54mzOR1gFbu1sGJxcntHlJe5MaDQWTlBFBer5JA/VBi3AGdkQsbL9McrA6F4YEbTVZkGe3d5q9YC5V8h8znBAPQ2z7nl9FQW0bLSUKoLCxMTLrPrayC3RjxVsFkz0ofBvvof4VUMDhNx4+0FqTDphXKfTaaEhXF3XeZPb8KNvQaGMIQ==" 

 [2024-07-08T20:18:16]  Request from user   "34323"  to View Transaction History 

 [2024-07-08T20:20:43]  on ready read "{\"Request\":\"ViewTransactionHistory\",\"count\":5}"      "YQRJgxGW4qnkMpwGoGbBRpmh8in7CIkhIe8Zsp7uSlzFhEIBWQyvd3H5iVE8t53opBmw7p6Cga8IWhrtadCrh8XuFuruKEKSF8duMHNgk28C1YZQJEZW1t1iyhMjnuNPOp1hzYEx8CW7GVe+1Gkw5ltFcsl9/O8Ti//XYrRYSNAfHcKXEYhsWqSPpGwSb4Ezu1sG95pM3rUekNaC+Mklk3A9T2HVidhAPOJu7at54mzOR1gFbu1sGJxcntHlJe5MaDQWTlBFBer5JA/VBi3AGdkQsbL9McrA6F4YEbTVZkGe3d5q9YC5V8h8znBAPQ2z7nl9FQW0bLSUKoLCxMTLrPrayC3RjxVsFkz0ofBvvof4VUMDhNx4+0FqTDphXKfTaaEhXF3XeZPb8KNvQaGMIQ==" 

 [2024-07-08T20:20:43]  Request from user   "34323"  to View Transaction History 

 [2024-07-08T20:23:55]  on ready read "{\"Request\":\"ViewAccountBalance\"}"      "YQRJgxGW4qnkMpwGoGbBRl3zYatUNXKbdXxdKGFftxpXIu+Opdu4J21LT7+N9kN3UCz+DDabGkJiDSdP0o0xfRESgP1z0uEfL60LW/CvRgVUsGR3PqtQxGDqRUVSo3uWEwyCOVS3nMS8QLEOmXxyDYW5W5uVriNonN4TlG1isk4SFtm9GojClxQwsoy3tpGzQeDddSbs8vduy+AzcfgId4JzBXeXP+BMjSkjGcGU214O5U6gqdxWMEsl8k4zSxX3xryPjPYWzyQ0PaLygcesFth8+dHT4tmlC+TPYYeiXANW065zdbEs74I/IltJFvHz4ZJ6wTln3rxfGGdxTpzgxRX8cCrRx34cQBIqn9iBy+eN2TwJhXjLKljtAGV5j2ENJTBNpDNrUmrtqWqPlcqUAQ==" 

 [2024-07-08T20:23:55]  Request from user   "34323"  to View Account Balance 

 [2024-07-08T20:23:56]  on ready read "{\"Request\":\"ViewTransactionHistory\",\"count\":5}"      "YQRJgxGW4qnkMpwGoGbBRpmh8in7CIkhIe8Zsp7uSlzFhEIBWQyvd3H5iVE8t53opBmw7p6Cga8IWhrtadCrh8XuFuruKEKSF8duMHNgk28C1YZQJEZW1t1iyhMjnuNPOp1hzYEx8CW7GVe+1Gkw5ltFcsl9/O8Ti//XYrRYSNAfHcKXEYhsWqSPpGwSb4Ezu1sG95pM3rUekNaC+Mklk3A9T2HVidhAPOJu7at54mzOR1gFbu1sGJxcntHlJe5MaDQWTlBFBer5JA/VBi3AGdkQsbL9McrA6F4YEbTVZkGe3d5q9YC5V8h8znBAPQ2z7nl9FQW0bLSUKoLCxMTLrPrayC3RjxVsFkz0ofBvvof4VUMDhNx4+0FqTDphXKfTaaEhXF3XeZPb8KNvQaGMIQ==" 

 [2024-07-08T20:23:56]  Request from user   "34323"  to View Transaction History 

 [2024-07-08T20:24:04]  on ready read "{\"Request\":\"MakeTransaction\",\"amount\":20}"      "Cv63mchSR+ToqdNmyLPdTfbDupcZ+ptRx8WXrPTgFEPDc3Ay6hZJaMVCVkXT1R45Jbe6ZkA6d5NVp2EIGZrA6zIaf+Mm/kyOeYehXBwhFUvpM8DVrvxFZMuounW4ixPGlsohcA9v9sKqvYgTwQjQL/fdAkNQylJEztdvL0+tGYum712JTxi6f3jGmobGxbZRHYAtf3QImaHzsBMP2IqpTWotJqjtXUo9pz5GkyH4o4h/kI/UCZiXrAc4tt1GhzPuPXkOZLKMlF95iaaUTpYky9etlt5Bm9O1h41B3HVp80iXU0sld1eHV9wl2WBdGL2JsJPWlK3PNBJA3E+6iCXw8HmQZJoGCDXvV0kOUrffzyHA6bPitLwYjZ+f6dFt06EqncJpmgrZXCJ1mOl/X9vrHg==" 

 [2024-07-08T20:24:04]  Request from user   "34323"  to Make Transaction  

 [2024-07-08T20:24:06]  on ready read "{\"Request\":\"ViewTransactionHistory\",\"count\":5}"      "YQRJgxGW4qnkMpwGoGbBRpmh8in7CIkhIe8Zsp7uSlzFhEIBWQyvd3H5iVE8t53opBmw7p6Cga8IWhrtadCrh8XuFuruKEKSF8duMHNgk28C1YZQJEZW1t1iyhMjnuNPOp1hzYEx8CW7GVe+1Gkw5ltFcsl9/O8Ti//XYrRYSNAfHcKXEYhsWqSPpGwSb4Ezu1sG95pM3rUekNaC+Mklk3A9T2HVidhAPOJu7at54mzOR1gFbu1sGJxcntHlJe5MaDQWTlBFBer5JA/VBi3AGdkQsbL9McrA6F4YEbTVZkGe3d5q9YC5V8h8znBAPQ2z7nl9FQW0bLSUKoLCxMTLrPrayC3RjxVsFkz0ofBvvof4VUMDhNx4+0FqTDphXKfTaaEhXF3XeZPb8KNvQaGMIQ==" 

 [2024-07-08T20:24:06]  Request from user   "34323"  to View Transaction History 

 [2024-07-08T20:24:43]  on ready read "{\"Request\":\"MakeTransaction\",\"amount\":-10}"      "Cv63mchSR+ToqdNmyLPdTfbDupcZ+ptRx8WXrPTgFEOokyEzpMbVY4MJeKYW1v88y3RDd8vua3v0lUGZz9HPKlfeTNG4D1mL5iteARqZ6CFDUa76LtjKOlBzZ4+/fEcT5DfXK6gP9/6b3Jj8midcW8jcsFnxXwAf72O2ulvaSscmzOz/LSFdFAeelkt1z3DnbzdLO7y2OkXEKlYqYpw74+hY+uKMKLDZRdqfjiNaap764cmqJ3gLpupplq6tiHwSEsCoQwv//NoC5S/muly2nTmO3e6u5rSOhRIfEefDJN11OEdgjUdEutLvEx4kHsdK1sfGUooJYRQaza5v0SEQQekciaS1zCFRN30yNgfSQh7OxThJrz7kTT1Mh1wweLNhClHNkpDLfDIhpSYEfgQOkg==" 

 [2024-07-08T20:24:43]  Request from user   "34323"  to Make Transaction  

 [2024-07-08T20:24:44]  on ready read "{\"Request\":\"ViewTransactionHistory\",\"count\":5}"      "YQRJgxGW4qnkMpwGoGbBRpmh8in7CIkhIe8Zsp7uSlzFhEIBWQyvd3H5iVE8t53opBmw7p6Cga8IWhrtadCrh8XuFuruKEKSF8duMHNgk28C1YZQJEZW1t1iyhMjnuNPOp1hzYEx8CW7GVe+1Gkw5ltFcsl9/O8Ti//XYrRYSNAfHcKXEYhsWqSPpGwSb4Ezu1sG95pM3rUekNaC+Mklk3A9T2HVidhAPOJu7at54mzOR1gFbu1sGJxcntHlJe5MaDQWTlBFBer5JA/VBi3AGdkQsbL9McrA6F4YEbTVZkGe3d5q9YC5V8h8znBAPQ2z7nl9FQW0bLSUKoLCxMTLrPrayC3RjxVsFkz0ofBvvof4VUMDhNx4+0FqTDphXKfTaaEhXF3XeZPb8KNvQaGMIQ==" 

 [2024-07-08T20:24:44]  Request from user   "34323"  to View Transaction History 

 [2024-07-08T20:25:02]  on ready read "{\"Request\":\"TransferAmount\",\"accountnumber\":\"20\",\"amount\":31}"      "lhooI47yGBUj2G81IjwMvGAdjFxQuiQXwc094xvFPk+thNl3PnsOC1x65DZH58m7Ly+E4AO547IMne2N6V0l1PaK0dO7l3wUjANIH78m8Iwnw5wFz1FBA59BuE/ZdJ5/enNihvdyrcYjZ51/c2oQlygw4Qc5bIdLcVX2P/4j2D02t6uD1B2QvOdjeP2146p2ymaJP8TDowqAeKnqAlNORC4r9gDIB5HlSVbgGs8sHDPUB5o/naRLI8qHOj1hHaYuSTQlo37fZRInCcGsUoyMDLWyVbdvl3BD4MsKk/K2OuA0piaLvVRvUasR5nA1JaJzum6pRXE3OrGKL+3SvCpC4RApVcqAma6fbLCdXQcPggUgQdAv7XrM4CavSqigNJmpJWX7E9z77GmMWKsHIJVF8id1XK8HkZej+J8O3nbf004=" 

 [2024-07-08T20:25:02]  Request from user   "34323"  to Transfer Amount  

 [2024-07-08T20:25:09]  on ready read "{\"Request\":\"TransferAmount\",\"accountnumber\":\"20\",\"amount\":3432}"      "lhooI47yGBUj2G81IjwMvGAdjFxQuiQXwc094xvFPk+thNl3PnsOC1x65DZH58m7i98KdKlASMYKdwlLVNd9uBFUtsYbdrypU2FaXzBu7YE4ePHkwdM0lFTlmeDt5FoqSqgPpq4SZmm+ijoQKZyqQBI9Jbg8g5fkddhADof9z+v/NqNVotBiwE4bBVxOBrH+M9E09PJ7fCV+tp2F6wMJa+exz7HiguBK34ew3tYwNwmzlwCcnBRLfUgT5k+FBQxwuT0GeTkyG0E+qg/mXzP+/S+YMaSQzmhPaUgtDjxUeif6tnLEcDp7/T3lfIEmXztAWlk24F98ViJkjtlK+O4IAyXOb4KSaDh5YcO3pR5XgxQYaYW78M/yVyUccqEAKEsc7GPq9hgs5XKjQxzSZFCWkR0e19mT+U5AmKZkqF9s110=" 

 [2024-07-08T20:25:09]  Request from user   "34323"  to Transfer Amount  

 [2024-07-08T20:25:33]  on ready read "{\"Request\":\"TransferAmount\",\"accountnumber\":\"20\",\"amount\":3432}"      "lhooI47yGBUj2G81IjwMvGAdjFxQuiQXwc094xvFPk+thNl3PnsOC1x65DZH58m7i98KdKlASMYKdwlLVNd9uBFUtsYbdrypU2FaXzBu7YE4ePHkwdM0lFTlmeDt5FoqSqgPpq4SZmm+ijoQKZyqQBI9Jbg8g5fkddhADof9z+v/NqNVotBiwE4bBVxOBrH+M9E09PJ7fCV+tp2F6wMJa+exz7HiguBK34ew3tYwNwmzlwCcnBRLfUgT5k+FBQxwuT0GeTkyG0E+qg/mXzP+/S+YMaSQzmhPaUgtDjxUeif6tnLEcDp7/T3lfIEmXztAWlk24F98ViJkjtlK+O4IAyXOb4KSaDh5YcO3pR5XgxQYaYW78M/yVyUccqEAKEsc7GPq9hgs5XKjQxzSZFCWkR0e19mT+U5AmKZkqF9s110=" 

 [2024-07-08T20:25:33]  Request from user   "34323"  to Transfer Amount  

 [2024-07-08T20:25:44]  on ready read "{\"Request\":\"TransferAmount\",\"accountnumber\":\"3432\",\"amount\":20}"      "lhooI47yGBUj2G81IjwMvGAdjFxQuiQXwc094xvFPk/OkeHji4sl5dFIn2iHx80TSZZBOxpUffHs9OngWq3wU08Dmxb8CZh9ndysP2LXw13kOzxGI1PFoJhIe7MyrzkTpfjBm5KMv6MbLExnIlsKNOQTDfyuRtrO4ZOatXmdza1liVR470w4XtRFJUkLiFkUfZCdjxM0f0Mcwnpc4kNNUbGpPwQxyBM0c4XnVODzB/LJmmnIv079CPt/gNuKeL2FvMaG/yyStSCdXysqUx/38VYDDayyRwtmJ/ba0GPu1oP8eJ6xYcnmu242qfNT+qybJOuBJPfDkx8prOSH5gxe70TNJQKoGsx8Z7kcEk9v/0dBMC36AulZ2dWXxJiAEg5GlV6dbkxfoPyxGoLQCvSymY9ez0TIsGPx8bcGwjaw7aQ=" 

 [2024-07-08T20:25:44]  Request from user   "34323"  to Transfer Amount  

 [2024-07-08T20:26:08]  on ready read "{\"Request\":\"ViewAccountBalance\"}"      "YQRJgxGW4qnkMpwGoGbBRl3zYatUNXKbdXxdKGFftxpXIu+Opdu4J21LT7+N9kN3UCz+DDabGkJiDSdP0o0xfRESgP1z0uEfL60LW/CvRgVUsGR3PqtQxGDqRUVSo3uWEwyCOVS3nMS8QLEOmXxyDYW5W5uVriNonN4TlG1isk4SFtm9GojClxQwsoy3tpGzQeDddSbs8vduy+AzcfgId4JzBXeXP+BMjSkjGcGU214O5U6gqdxWMEsl8k4zSxX3xryPjPYWzyQ0PaLygcesFth8+dHT4tmlC+TPYYeiXANW065zdbEs74I/IltJFvHz4ZJ6wTln3rxfGGdxTpzgxRX8cCrRx34cQBIqn9iBy+eN2TwJhXjLKljtAGV5j2ENJTBNpDNrUmrtqWqPlcqUAQ==" 

 [2024-07-08T20:26:08]  Request from user   "34323"  to View Account Balance 

 [2024-07-08T20:28:37]  on ready read "{\"Request\":\"Log\",\"password\":\"123\",\"username\":\"mohamed\"}"      "6qenRsbdmDmYkstrAxoDSwIx2HZeevPYEOniGV6M6AVO4ktggVKQuPJBslnQjXC7oNtmKjUZj+f3v78W0+a4NhNqW+c6ac0udnLOx/zezkzNyNrNdS08v4qfaY0GkFwAW2EsQLRd3ecLOVTEAsc35siL4vqw+pJz08LowNsqtWCuUSS17bBl4/iVok4GZv8c5KOk1p8aCINqCvgkw3OGhn3tB8HGy7Vt9yTSakPpbPBKfOAMKuuzIYQwFsamsmv2WWsLpcqKyOZhPWO+NGDEYhRonNAvtxHc3vdtVAhzDLQrn/tul6OxWejGZ0dI94Er2bLMwjNnWJVB5I3+fUtceRGdVbkyKoR6bvq+7wOxI9pFpm7eHTx4gP5gkFn65jKktoRB8DOP85oWSweUsv5b15Zkq7H2wL6Nm5Aay0XE5z4=" 

 [2024-07-08T20:28:41]  on ready read "{\"Request\":\"Log\",\"password\":\"12345\",\"username\":\"mohamed\"}"      "6qenRsbdmDmYkstrAxoDSwIx2HZeevPYEOniGV6M6AXpIqDJniDUoHMzbJjR8Aw1rEdFptreKv3KvaKhlpLxZrNL9B+3cItl3EQ0pcXGFdGUeZFJFVyk1yecqe7l2ZdeXzKRMBwcv99ls979OoFy5iZarxei17RjEI0j31l+kx3YyV48l/zSM0L2CHPC52jYErXfsdAJUG21lFsZksLgvF1iIN8T09Jjs/648PqKFw1krRTz4T72c/7coyqWbYw/ypw/OGbj/RkXuqTOzCPsiYe8HUjGpcZARYIww0hqNQzxDD4V4jFY9vFbbY0tAJjrJO3V19EZpMYZFDlZNg7iR/fehGyc3fZZHQY6swZ6QpmthcRacqLSIZzXLE69pSuvvVLHBkzOWk/6TglFnP4YWV+CaYC0KZy8Gk5grvTPh5Y=" 

 [2024-07-08T20:28:41]  Request from   "mohamed"  to log   

 [2024-07-08T20:28:42]  on ready read "{\"Request\":\"ViewTransactionHistory\",\"count\":5}"      "YQRJgxGW4qnkMpwGoGbBRpmh8in7CIkhIe8Zsp7uSlzFhEIBWQyvd3H5iVE8t53opBmw7p6Cga8IWhrtadCrh8XuFuruKEKSF8duMHNgk28C1YZQJEZW1t1iyhMjnuNPOp1hzYEx8CW7GVe+1Gkw5ltFcsl9/O8Ti//XYrRYSNAfHcKXEYhsWqSPpGwSb4Ezu1sG95pM3rUekNaC+Mklk3A9T2HVidhAPOJu7at54mzOR1gFbu1sGJxcntHlJe5MaDQWTlBFBer5JA/VBi3AGdkQsbL9McrA6F4YEbTVZkGe3d5q9YC5V8h8znBAPQ2z7nl9FQW0bLSUKoLCxMTLrPrayC3RjxVsFkz0ofBvvof4VUMDhNx4+0FqTDphXKfTaaEhXF3XeZPb8KNvQaGMIQ==" 

 [2024-07-08T20:28:42]  Request from user   "34323"  to View Transaction History 

 [2024-07-08T20:28:57]  on ready read "{\"Request\":\"ViewTransactionHistory\",\"count\":5}"      "YQRJgxGW4qnkMpwGoGbBRpmh8in7CIkhIe8Zsp7uSlzFhEIBWQyvd3H5iVE8t53opBmw7p6Cga8IWhrtadCrh8XuFuruKEKSF8duMHNgk28C1YZQJEZW1t1iyhMjnuNPOp1hzYEx8CW7GVe+1Gkw5ltFcsl9/O8Ti//XYrRYSNAfHcKXEYhsWqSPpGwSb4Ezu1sG95pM3rUekNaC+Mklk3A9T2HVidhAPOJu7at54mzOR1gFbu1sGJxcntHlJe5MaDQWTlBFBer5JA/VBi3AGdkQsbL9McrA6F4YEbTVZkGe3d5q9YC5V8h8znBAPQ2z7nl9FQW0bLSUKoLCxMTLrPrayC3RjxVsFkz0ofBvvof4VUMDhNx4+0FqTDphXKfTaaEhXF3XeZPb8KNvQaGMIQ==" 

 [2024-07-08T20:28:57]  Request from user   "34323"  to View Transaction History 

 [2024-07-08T20:28:58]  on ready read "{\"Request\":\"ViewTransactionHistory\",\"count\":5}"      "YQRJgxGW4qnkMpwGoGbBRpmh8in7CIkhIe8Zsp7uSlzFhEIBWQyvd3H5iVE8t53opBmw7p6Cga8IWhrtadCrh8XuFuruKEKSF8duMHNgk28C1YZQJEZW1t1iyhMjnuNPOp1hzYEx8CW7GVe+1Gkw5ltFcsl9/O8Ti//XYrRYSNAfHcKXEYhsWqSPpGwSb4Ezu1sG95pM3rUekNaC+Mklk3A9T2HVidhAPOJu7at54mzOR1gFbu1sGJxcntHlJe5MaDQWTlBFBer5JA/VBi3AGdkQsbL9McrA6F4YEbTVZkGe3d5q9YC5V8h8znBAPQ2z7nl9FQW0bLSUKoLCxMTLrPrayC3RjxVsFkz0ofBvvof4VUMDhNx4+0FqTDphXKfTaaEhXF3XeZPb8KNvQaGMIQ==" 

 [2024-07-08T20:28:58]  Request from user   "34323"  to View Transaction History 

 [2024-07-08T20:28:58]  on ready read "{\"Request\":\"ViewTransactionHistory\",\"count\":5}"      "YQRJgxGW4qnkMpwGoGbBRpmh8in7CIkhIe8Zsp7uSlzFhEIBWQyvd3H5iVE8t53opBmw7p6Cga8IWhrtadCrh8XuFuruKEKSF8duMHNgk28C1YZQJEZW1t1iyhMjnuNPOp1hzYEx8CW7GVe+1Gkw5ltFcsl9/O8Ti//XYrRYSNAfHcKXEYhsWqSPpGwSb4Ezu1sG95pM3rUekNaC+Mklk3A9T2HVidhAPOJu7at54mzOR1gFbu1sGJxcntHlJe5MaDQWTlBFBer5JA/VBi3AGdkQsbL9McrA6F4YEbTVZkGe3d5q9YC5V8h8znBAPQ2z7nl9FQW0bLSUKoLCxMTLrPrayC3RjxVsFkz0ofBvvof4VUMDhNx4+0FqTDphXKfTaaEhXF3XeZPb8KNvQaGMIQ==" 

 [2024-07-08T20:28:58]  Request from user   "34323"  to View Transaction History 

 [2024-07-08T20:28:59]  on ready read "{\"Request\":\"ViewTransactionHistory\",\"count\":5}"      "YQRJgxGW4qnkMpwGoGbBRpmh8in7CIkhIe8Zsp7uSlzFhEIBWQyvd3H5iVE8t53opBmw7p6Cga8IWhrtadCrh8XuFuruKEKSF8duMHNgk28C1YZQJEZW1t1iyhMjnuNPOp1hzYEx8CW7GVe+1Gkw5ltFcsl9/O8Ti//XYrRYSNAfHcKXEYhsWqSPpGwSb4Ezu1sG95pM3rUekNaC+Mklk3A9T2HVidhAPOJu7at54mzOR1gFbu1sGJxcntHlJe5MaDQWTlBFBer5JA/VBi3AGdkQsbL9McrA6F4YEbTVZkGe3d5q9YC5V8h8znBAPQ2z7nl9FQW0bLSUKoLCxMTLrPrayC3RjxVsFkz0ofBvvof4VUMDhNx4+0FqTDphXKfTaaEhXF3XeZPb8KNvQaGMIQ==" 

 [2024-07-08T20:28:59]  Request from user   "34323"  to View Transaction History 

 [2024-07-08T20:28:59]  on ready read "{\"Request\":\"ViewTransactionHistory\",\"count\":5}"      "YQRJgxGW4qnkMpwGoGbBRpmh8in7CIkhIe8Zsp7uSlzFhEIBWQyvd3H5iVE8t53opBmw7p6Cga8IWhrtadCrh8XuFuruKEKSF8duMHNgk28C1YZQJEZW1t1iyhMjnuNPOp1hzYEx8CW7GVe+1Gkw5ltFcsl9/O8Ti//XYrRYSNAfHcKXEYhsWqSPpGwSb4Ezu1sG95pM3rUekNaC+Mklk3A9T2HVidhAPOJu7at54mzOR1gFbu1sGJxcntHlJe5MaDQWTlBFBer5JA/VBi3AGdkQsbL9McrA6F4YEbTVZkGe3d5q9YC5V8h8znBAPQ2z7nl9FQW0bLSUKoLCxMTLrPrayC3RjxVsFkz0ofBvvof4VUMDhNx4+0FqTDphXKfTaaEhXF3XeZPb8KNvQaGMIQ==" 

 [2024-07-08T20:28:59]  Request from user   "34323"  to View Transaction History 

 [2024-07-08T20:29:01]  on ready read "{\"Request\":\"ViewTransactionHistory\",\"count\":5}"      "YQRJgxGW4qnkMpwGoGbBRpmh8in7CIkhIe8Zsp7uSlzFhEIBWQyvd3H5iVE8t53opBmw7p6Cga8IWhrtadCrh8XuFuruKEKSF8duMHNgk28C1YZQJEZW1t1iyhMjnuNPOp1hzYEx8CW7GVe+1Gkw5ltFcsl9/O8Ti//XYrRYSNAfHcKXEYhsWqSPpGwSb4Ezu1sG95pM3rUekNaC+Mklk3A9T2HVidhAPOJu7at54mzOR1gFbu1sGJxcntHlJe5MaDQWTlBFBer5JA/VBi3AGdkQsbL9McrA6F4YEbTVZkGe3d5q9YC5V8h8znBAPQ2z7nl9FQW0bLSUKoLCxMTLrPrayC3RjxVsFkz0ofBvvof4VUMDhNx4+0FqTDphXKfTaaEhXF3XeZPb8KNvQaGMIQ==" 

 [2024-07-08T20:29:01]  Request from user   "34323"  to View Transaction History 

 [2024-07-08T20:38:56]  on ready read "{\"Request\":\"Log\",\"password\":\"12345\",\"username\":\"mohamed\"}"      "6qenRsbdmDmYkstrAxoDSwIx2HZeevPYEOniGV6M6AXpIqDJniDUoHMzbJjR8Aw1rEdFptreKv3KvaKhlpLxZrNL9B+3cItl3EQ0pcXGFdGUeZFJFVyk1yecqe7l2ZdeXzKRMBwcv99ls979OoFy5iZarxei17RjEI0j31l+kx3YyV48l/zSM0L2CHPC52jYErXfsdAJUG21lFsZksLgvF1iIN8T09Jjs/648PqKFw1krRTz4T72c/7coyqWbYw/ypw/OGbj/RkXuqTOzCPsiYe8HUjGpcZARYIww0hqNQzxDD4V4jFY9vFbbY0tAJjrJO3V19EZpMYZFDlZNg7iR/fehGyc3fZZHQY6swZ6QpmthcRacqLSIZzXLE69pSuvvVLHBkzOWk/6TglFnP4YWV+CaYC0KZy8Gk5grvTPh5Y=" 

 [2024-07-08T20:38:56]  Request from   "mohamed"  to log   

 [2024-07-08T20:38:57]  on ready read "{\"Request\":\"ViewTransactionHistory\",\"count\":5}"      "YQRJgxGW4qnkMpwGoGbBRpmh8in7CIkhIe8Zsp7uSlzFhEIBWQyvd3H5iVE8t53opBmw7p6Cga8IWhrtadCrh8XuFuruKEKSF8duMHNgk28C1YZQJEZW1t1iyhMjnuNPOp1hzYEx8CW7GVe+1Gkw5ltFcsl9/O8Ti//XYrRYSNAfHcKXEYhsWqSPpGwSb4Ezu1sG95pM3rUekNaC+Mklk3A9T2HVidhAPOJu7at54mzOR1gFbu1sGJxcntHlJe5MaDQWTlBFBer5JA/VBi3AGdkQsbL9McrA6F4YEbTVZkGe3d5q9YC5V8h8znBAPQ2z7nl9FQW0bLSUKoLCxMTLrPrayC3RjxVsFkz0ofBvvof4VUMDhNx4+0FqTDphXKfTaaEhXF3XeZPb8KNvQaGMIQ==" 

 [2024-07-08T20:38:57]  Request from user   "34323"  to View Transaction History 

 [2024-07-08T20:39:06]  on ready read "{\"Request\":\"ViewAccountBalance\"}"      "YQRJgxGW4qnkMpwGoGbBRl3zYatUNXKbdXxdKGFftxpXIu+Opdu4J21LT7+N9kN3UCz+DDabGkJiDSdP0o0xfRESgP1z0uEfL60LW/CvRgVUsGR3PqtQxGDqRUVSo3uWEwyCOVS3nMS8QLEOmXxyDYW5W5uVriNonN4TlG1isk4SFtm9GojClxQwsoy3tpGzQeDddSbs8vduy+AzcfgId4JzBXeXP+BMjSkjGcGU214O5U6gqdxWMEsl8k4zSxX3xryPjPYWzyQ0PaLygcesFth8+dHT4tmlC+TPYYeiXANW065zdbEs74I/IltJFvHz4ZJ6wTln3rxfGGdxTpzgxRX8cCrRx34cQBIqn9iBy+eN2TwJhXjLKljtAGV5j2ENJTBNpDNrUmrtqWqPlcqUAQ==" 

 [2024-07-08T20:39:06]  Request from user   "34323"  to View Account Balance 

 [2024-07-08T20:39:07]  on ready read "{\"Request\":\"GetAccountNumber\"}"      "vfoyf8otzfkj5y3cQNCujawfsCNENcQadSUUpMnQnVjitb0Ed7k2sC4WZ+/tr7hxe0CFFNSKHNmBOByi0+wgr0HlkX6BCI2v4peEdFT0GcQCWj/56eZLl4t7hixDl4nmRFKNwYbe+PJyaF81C0IqoM5MJgBUmG7auzz85osuXSAwgNDEf+SQm1L7vGD1KXsRW4Be17eqEWR0dZ3q1uNoMbX2yOKsuuPvu1e01smDnjchztovKwrSMfgDocnMUCtpraLY39K+KpcXWFzL2Ulpm45rR6X1d920jUn0ghv0aHMSWbv/7YUphWW4Jao6M1DkvJVATL6snvrQZdiFh6SHSa+mlEFqRFMQxPEaRjX1e15juX+Q74gZx2Ke2oiv2f+3" 

 [2024-07-08T20:39:07]  Request from user   "34323"  to Get Account Number   

 [2024-07-08T20:39:23]  on ready read "{\"Request\":\"TransferAmount\",\"accountnumber\":\"3432\",\"amount\":-30}"      "lhooI47yGBUj2G81IjwMvGAdjFxQuiQXwc094xvFPk/OkeHji4sl5dFIn2iHx80TGSm73MPVo/DulrLod8h+OvYmkLkmSCCTV04Qwd5TwQcnDpRunLQU3jAEk+5YY1GFcO5H8fsVYpjeWhgzzGfJBRtj0emH/rICJTVMifEsXG4Ri72L4nrBqigY+9Dg9LaA/qH7TPUTImMAV/f1XfrY5gra3011X4siIH+oIm2+X235tGq++6kuq/FIdGTdUGIYKAoOsMW73jotswXDYuBGF3ijj+/7RkrvAM2yXzs3z6RyWSZ3uyrBunUjZrzqo3o8KUuj2WC6JjUvGP9UB74V7xks9b1PykvTSibs9ZN6elE2+xosT9o3bioqKBKOoYRmo28TZ7ArSYmObFe1R/8nkQNm8aKOF9IGZLAgOLU1bHvqh+5rfXP39pyvhFZBPMZO" 

 [2024-07-08T20:39:23]  Request from user   "34323"  to Transfer Amount  

 [2024-07-08T20:42:34]  on ready read "{\"Request\":\"Log\",\"password\":\"mohamed\",\"username\":\"23\"}"      "6qenRsbdmDmYkstrAxoDS6GeQZ74DTx+eHHd3lo4jmUeA7TPhQFtzW0f5th9+la5Oy/sMPvLy5psbVcBB20DL7NVPHDXinZ6thCQmv/f3T9aGdeyv11zv3nsDmC1gLqbdpSx7pu4zh0VBINFih3z34c+8zKy7vUfY+lYa6Ef1wHk8tWPrrD05FS//AAj8NgKNV1UvdYIHztHaBUc+DGRr+dgqIxvstED/UPH4TwjB3R5S0y/kkSy8by38WcKe+2kI8zevhOqXbI853UilQ8ri6E2mMS0Vo1736XWrtkkyHAo0EBhmXMz+fhiyNsepLuKKbpHxOxKejLgKUdS+tf/R8kM57By87bapxgNBCeDLhcyIY0iJld9jqu3ZzStKs4O4YWMICkgjOOo/scaRQV2rv/+1uKUkzlj7hGwY8QlG1s=" 

 [2024-07-08T20:42:37]  on ready read "{\"Request\":\"Log\",\"password\":\"\",\"username\":\"mohamed\"}"      "6qenRsbdmDmYkstrAxoDSz1Ka71o+Qbc5HwcpvsCa4YZL7Pn0crvGHRl0igd2EtdhqXQcFFj23poTDXQem3t1HpQ+EcqxNIqjlQ7uwHxd9gjTvCwWLN6fk7R1vTRsc2taMzhd6nHd6Sd/yR0d6lJZ7jTeAIvAZBT++NBQh6lpbLNIGmhBUs6KtazZWID3VqiyppwTNuYvB46LhWx/jJJKPqKjTnfj8woDG3l04x6T2FPh0Ro9peK/Y9SFuGXHaX9hTCdH9dAd0dlTLruylJ/7D56QpR1/hv0m2/l9brnCzqgwAZNfdzCREGHyWcU85YPtgR7/kCr/pOXajw4WU2l5Uwik7MvQTENJ4QGovv/15prWNcDuFRdIgGOCH5ZhNC4PqazmfuMyJGGqR5Dp9b9J1wlKhvxd6n0q9D5509g99I=" 

 [2024-07-08T20:42:54]  on ready read "{\"Request\":\"Log\",\"password\":\"12345\",\"username\":\"mohamed\"}"      "6qenRsbdmDmYkstrAxoDSwIx2HZeevPYEOniGV6M6AXpIqDJniDUoHMzbJjR8Aw1rEdFptreKv3KvaKhlpLxZrNL9B+3cItl3EQ0pcXGFdGUeZFJFVyk1yecqe7l2ZdeXzKRMBwcv99ls979OoFy5iZarxei17RjEI0j31l+kx3YyV48l/zSM0L2CHPC52jYErXfsdAJUG21lFsZksLgvF1iIN8T09Jjs/648PqKFw1krRTz4T72c/7coyqWbYw/ypw/OGbj/RkXuqTOzCPsiYe8HUjGpcZARYIww0hqNQzxDD4V4jFY9vFbbY0tAJjrJO3V19EZpMYZFDlZNg7iR/fehGyc3fZZHQY6swZ6QpmthcRacqLSIZzXLE69pSuvvVLHBkzOWk/6TglFnP4YWV+CaYC0KZy8Gk5grvTPh5Y=" 

 [2024-07-08T20:42:54]  Request from   "mohamed"  to log   

 [2024-07-08T20:42:59]  on ready read "{\"Request\":\"GetAccountNumber\"}"      "vfoyf8otzfkj5y3cQNCujawfsCNENcQadSUUpMnQnVjitb0Ed7k2sC4WZ+/tr7hxe0CFFNSKHNmBOByi0+wgr0HlkX6BCI2v4peEdFT0GcQCWj/56eZLl4t7hixDl4nmRFKNwYbe+PJyaF81C0IqoM5MJgBUmG7auzz85osuXSAwgNDEf+SQm1L7vGD1KXsRW4Be17eqEWR0dZ3q1uNoMbX2yOKsuuPvu1e01smDnjchztovKwrSMfgDocnMUCtpraLY39K+KpcXWFzL2Ulpm45rR6X1d920jUn0ghv0aHMSWbv/7YUphWW4Jao6M1DkvJVATL6snvrQZdiFh6SHSa+mlEFqRFMQxPEaRjX1e15juX+Q74gZx2Ke2oiv2f+3" 

 [2024-07-08T20:42:59]  Request from user   "34323"  to Get Account Number   

 [2024-07-08T20:43:00]  on ready read "{\"Request\":\"ViewAccountBalance\"}"      "YQRJgxGW4qnkMpwGoGbBRl3zYatUNXKbdXxdKGFftxpXIu+Opdu4J21LT7+N9kN3UCz+DDabGkJiDSdP0o0xfRESgP1z0uEfL60LW/CvRgVUsGR3PqtQxGDqRUVSo3uWEwyCOVS3nMS8QLEOmXxyDYW5W5uVriNonN4TlG1isk4SFtm9GojClxQwsoy3tpGzQeDddSbs8vduy+AzcfgId4JzBXeXP+BMjSkjGcGU214O5U6gqdxWMEsl8k4zSxX3xryPjPYWzyQ0PaLygcesFth8+dHT4tmlC+TPYYeiXANW065zdbEs74I/IltJFvHz4ZJ6wTln3rxfGGdxTpzgxRX8cCrRx34cQBIqn9iBy+eN2TwJhXjLKljtAGV5j2ENJTBNpDNrUmrtqWqPlcqUAQ==" 

 [2024-07-08T20:43:00]  Request from user   "34323"  to View Account Balance 

 [2024-07-08T20:43:01]  on ready read "{\"Request\":\"ViewTransactionHistory\",\"count\":5}"      "YQRJgxGW4qnkMpwGoGbBRpmh8in7CIkhIe8Zsp7uSlzFhEIBWQyvd3H5iVE8t53opBmw7p6Cga8IWhrtadCrh8XuFuruKEKSF8duMHNgk28C1YZQJEZW1t1iyhMjnuNPOp1hzYEx8CW7GVe+1Gkw5ltFcsl9/O8Ti//XYrRYSNAfHcKXEYhsWqSPpGwSb4Ezu1sG95pM3rUekNaC+Mklk3A9T2HVidhAPOJu7at54mzOR1gFbu1sGJxcntHlJe5MaDQWTlBFBer5JA/VBi3AGdkQsbL9McrA6F4YEbTVZkGe3d5q9YC5V8h8znBAPQ2z7nl9FQW0bLSUKoLCxMTLrPrayC3RjxVsFkz0ofBvvof4VUMDhNx4+0FqTDphXKfTaaEhXF3XeZPb8KNvQaGMIQ==" 

 [2024-07-08T20:43:01]  Request from user   "34323"  to View Transaction History 

 [2024-07-08T20:43:15]  on ready read "{\"Request\":\"TransferAmount\",\"accountnumber\":\"3432\",\"amount\":20}"      "lhooI47yGBUj2G81IjwMvGAdjFxQuiQXwc094xvFPk/OkeHji4sl5dFIn2iHx80TSZZBOxpUffHs9OngWq3wU08Dmxb8CZh9ndysP2LXw13kOzxGI1PFoJhIe7MyrzkTpfjBm5KMv6MbLExnIlsKNOQTDfyuRtrO4ZOatXmdza1liVR470w4XtRFJUkLiFkUfZCdjxM0f0Mcwnpc4kNNUbGpPwQxyBM0c4XnVODzB/LJmmnIv079CPt/gNuKeL2FvMaG/yyStSCdXysqUx/38VYDDayyRwtmJ/ba0GPu1oP8eJ6xYcnmu242qfNT+qybJOuBJPfDkx8prOSH5gxe70TNJQKoGsx8Z7kcEk9v/0dBMC36AulZ2dWXxJiAEg5GlV6dbkxfoPyxGoLQCvSymY9ez0TIsGPx8bcGwjaw7aQ=" 

 [2024-07-08T20:43:15]  Request from user   "34323"  to Transfer Amount  

 [2024-07-08T20:43:16]  on ready read "{\"Request\":\"ViewTransactionHistory\",\"count\":5}"      "YQRJgxGW4qnkMpwGoGbBRpmh8in7CIkhIe8Zsp7uSlzFhEIBWQyvd3H5iVE8t53opBmw7p6Cga8IWhrtadCrh8XuFuruKEKSF8duMHNgk28C1YZQJEZW1t1iyhMjnuNPOp1hzYEx8CW7GVe+1Gkw5ltFcsl9/O8Ti//XYrRYSNAfHcKXEYhsWqSPpGwSb4Ezu1sG95pM3rUekNaC+Mklk3A9T2HVidhAPOJu7at54mzOR1gFbu1sGJxcntHlJe5MaDQWTlBFBer5JA/VBi3AGdkQsbL9McrA6F4YEbTVZkGe3d5q9YC5V8h8znBAPQ2z7nl9FQW0bLSUKoLCxMTLrPrayC3RjxVsFkz0ofBvvof4VUMDhNx4+0FqTDphXKfTaaEhXF3XeZPb8KNvQaGMIQ==" 

 [2024-07-08T20:43:16]  Request from user   "34323"  to View Transaction History 

 [2024-07-08T20:43:23]  on ready read "{\"Request\":\"MakeTransaction\",\"amount\":20}"      "Cv63mchSR+ToqdNmyLPdTfbDupcZ+ptRx8WXrPTgFEPDc3Ay6hZJaMVCVkXT1R45Jbe6ZkA6d5NVp2EIGZrA6zIaf+Mm/kyOeYehXBwhFUvpM8DVrvxFZMuounW4ixPGlsohcA9v9sKqvYgTwQjQL/fdAkNQylJEztdvL0+tGYum712JTxi6f3jGmobGxbZRHYAtf3QImaHzsBMP2IqpTWotJqjtXUo9pz5GkyH4o4h/kI/UCZiXrAc4tt1GhzPuPXkOZLKMlF95iaaUTpYky9etlt5Bm9O1h41B3HVp80iXU0sld1eHV9wl2WBdGL2JsJPWlK3PNBJA3E+6iCXw8HmQZJoGCDXvV0kOUrffzyHA6bPitLwYjZ+f6dFt06EqncJpmgrZXCJ1mOl/X9vrHg==" 

 [2024-07-08T20:43:23]  Request from user   "34323"  to Make Transaction  

 [2024-07-08T20:43:27]  on ready read "{\"Request\":\"MakeTransaction\",\"amount\":-20}"      "Cv63mchSR+ToqdNmyLPdTfbDupcZ+ptRx8WXrPTgFEOyAY+6xH+mUAMgQXNxwzCIhdpl/P/DpDc0cDWJYWAxIRkFwM/5QMydRUuZ19v2XwRJZwjW716/sxQC429hARG35nG76xyEObVDKv7AereuUKsjNx3vdOO8Qtd/gc/VcQFrYosxvmUtMRD4FYNqCsZKStg4sOtvP+pe7aJmLNPrDY/jP3NtWrSWg+OfEmjMOju+kVTEGJNhtmf8kW6bxK5AGAkt4YfqE+BLYaP0Ej7troAMxArU82oHzUtpUHLMkx6XD29viulcs+BokQ89D0w4fVuMs+J5pf89Fl3ACFyCyYr1jKugImOLEa6iTvs4qqtv4HZdAZ0LvaPklHbvQThL24O+sjPMF/cJnDCawI+rcA==" 

 [2024-07-08T20:43:27]  Request from user   "34323"  to Make Transaction  

 [2024-07-08T20:43:29]  on ready read "{\"Request\":\"MakeTransaction\",\"amount\":-20}"      "Cv63mchSR+ToqdNmyLPdTfbDupcZ+ptRx8WXrPTgFEOyAY+6xH+mUAMgQXNxwzCIhdpl/P/DpDc0cDWJYWAxIRkFwM/5QMydRUuZ19v2XwRJZwjW716/sxQC429hARG35nG76xyEObVDKv7AereuUKsjNx3vdOO8Qtd/gc/VcQFrYosxvmUtMRD4FYNqCsZKStg4sOtvP+pe7aJmLNPrDY/jP3NtWrSWg+OfEmjMOju+kVTEGJNhtmf8kW6bxK5AGAkt4YfqE+BLYaP0Ej7troAMxArU82oHzUtpUHLMkx6XD29viulcs+BokQ89D0w4fVuMs+J5pf89Fl3ACFyCyYr1jKugImOLEa6iTvs4qqtv4HZdAZ0LvaPklHbvQThL24O+sjPMF/cJnDCawI+rcA==" 

 [2024-07-08T20:43:29]  Request from user   "34323"  to Make Transaction  

 [2024-07-08T20:43:29]  on ready read "{\"Request\":\"MakeTransaction\",\"amount\":-20}"      "Cv63mchSR+ToqdNmyLPdTfbDupcZ+ptRx8WXrPTgFEOyAY+6xH+mUAMgQXNxwzCIhdpl/P/DpDc0cDWJYWAxIRkFwM/5QMydRUuZ19v2XwRJZwjW716/sxQC429hARG35nG76xyEObVDKv7AereuUKsjNx3vdOO8Qtd/gc/VcQFrYosxvmUtMRD4FYNqCsZKStg4sOtvP+pe7aJmLNPrDY/jP3NtWrSWg+OfEmjMOju+kVTEGJNhtmf8kW6bxK5AGAkt4YfqE+BLYaP0Ej7troAMxArU82oHzUtpUHLMkx6XD29viulcs+BokQ89D0w4fVuMs+J5pf89Fl3ACFyCyYr1jKugImOLEa6iTvs4qqtv4HZdAZ0LvaPklHbvQThL24O+sjPMF/cJnDCawI+rcA==" 

 [2024-07-08T20:43:29]  Request from user   "34323"  to Make Transaction  

 [2024-07-08T20:43:30]  on ready read "{\"Request\":\"MakeTransaction\",\"amount\":-20}"      "Cv63mchSR+ToqdNmyLPdTfbDupcZ+ptRx8WXrPTgFEOyAY+6xH+mUAMgQXNxwzCIhdpl/P/DpDc0cDWJYWAxIRkFwM/5QMydRUuZ19v2XwRJZwjW716/sxQC429hARG35nG76xyEObVDKv7AereuUKsjNx3vdOO8Qtd/gc/VcQFrYosxvmUtMRD4FYNqCsZKStg4sOtvP+pe7aJmLNPrDY/jP3NtWrSWg+OfEmjMOju+kVTEGJNhtmf8kW6bxK5AGAkt4YfqE+BLYaP0Ej7troAMxArU82oHzUtpUHLMkx6XD29viulcs+BokQ89D0w4fVuMs+J5pf89Fl3ACFyCyYr1jKugImOLEa6iTvs4qqtv4HZdAZ0LvaPklHbvQThL24O+sjPMF/cJnDCawI+rcA==" 

 [2024-07-08T20:43:30]  Request from user   "34323"  to Make Transaction  

 [2024-07-08T20:43:30]  on ready read "{\"Request\":\"MakeTransaction\",\"amount\":-20}"      "Cv63mchSR+ToqdNmyLPdTfbDupcZ+ptRx8WXrPTgFEOyAY+6xH+mUAMgQXNxwzCIhdpl/P/DpDc0cDWJYWAxIRkFwM/5QMydRUuZ19v2XwRJZwjW716/sxQC429hARG35nG76xyEObVDKv7AereuUKsjNx3vdOO8Qtd/gc/VcQFrYosxvmUtMRD4FYNqCsZKStg4sOtvP+pe7aJmLNPrDY/jP3NtWrSWg+OfEmjMOju+kVTEGJNhtmf8kW6bxK5AGAkt4YfqE+BLYaP0Ej7troAMxArU82oHzUtpUHLMkx6XD29viulcs+BokQ89D0w4fVuMs+J5pf89Fl3ACFyCyYr1jKugImOLEa6iTvs4qqtv4HZdAZ0LvaPklHbvQThL24O+sjPMF/cJnDCawI+rcA==" 

 [2024-07-08T20:43:30]  Request from user   "34323"  to Make Transaction  

 [2024-07-08T20:43:31]  on ready read "{\"Request\":\"ViewTransactionHistory\",\"count\":5}"      "YQRJgxGW4qnkMpwGoGbBRpmh8in7CIkhIe8Zsp7uSlzFhEIBWQyvd3H5iVE8t53opBmw7p6Cga8IWhrtadCrh8XuFuruKEKSF8duMHNgk28C1YZQJEZW1t1iyhMjnuNPOp1hzYEx8CW7GVe+1Gkw5ltFcsl9/O8Ti//XYrRYSNAfHcKXEYhsWqSPpGwSb4Ezu1sG95pM3rUekNaC+Mklk3A9T2HVidhAPOJu7at54mzOR1gFbu1sGJxcntHlJe5MaDQWTlBFBer5JA/VBi3AGdkQsbL9McrA6F4YEbTVZkGe3d5q9YC5V8h8znBAPQ2z7nl9FQW0bLSUKoLCxMTLrPrayC3RjxVsFkz0ofBvvof4VUMDhNx4+0FqTDphXKfTaaEhXF3XeZPb8KNvQaGMIQ==" 

 [2024-07-08T20:43:31]  Request from user   "34323"  to View Transaction History 

 [2024-07-08T20:43:57]  on ready read "{\"Request\":\"Log\",\"password\":\"12345\",\"username\":\"mohamed\"}"      "6qenRsbdmDmYkstrAxoDSwIx2HZeevPYEOniGV6M6AXpIqDJniDUoHMzbJjR8Aw1rEdFptreKv3KvaKhlpLxZrNL9B+3cItl3EQ0pcXGFdGUeZFJFVyk1yecqe7l2ZdeXzKRMBwcv99ls979OoFy5iZarxei17RjEI0j31l+kx3YyV48l/zSM0L2CHPC52jYErXfsdAJUG21lFsZksLgvF1iIN8T09Jjs/648PqKFw1krRTz4T72c/7coyqWbYw/ypw/OGbj/RkXuqTOzCPsiYe8HUjGpcZARYIww0hqNQzxDD4V4jFY9vFbbY0tAJjrJO3V19EZpMYZFDlZNg7iR/fehGyc3fZZHQY6swZ6QpmthcRacqLSIZzXLE69pSuvvVLHBkzOWk/6TglFnP4YWV+CaYC0KZy8Gk5grvTPh5Y=" 

 [2024-07-08T20:43:57]  Request from   "mohamed"  to log   

 [2024-07-08T20:44:10]  on ready read "{\"Request\":\"Log\",\"password\":\"123\",\"username\":\"refaathassan\"}"      "6qenRsbdmDmYkstrAxoDSwIx2HZeevPYEOniGV6M6AVhheFct78psCc+N3DaBMgn8xS0K22EQ1OzbabJ86A8jla5tK3r3HPj+gYud9yvGVKG57V47B78+6uWRaAPCrzf71KNkwQad75Iwe4tQLqYK2tICXK8PlO4SYrC4QdkLPTwHUdmASKLtTwuvf3rApsmzkLzGH5YWDdSTDWYbByEjRIpeWgxYJd7y6bFz/ik0xKsQfhEoHMEr2zwta+7FCTkGfbDvIBi4jDmmYQ0jTb1mTaLxkQDWCLfvOr8ia9ZUNHIgbopiuglpnOaYGVXG5PZX4bri8Q1Z6NSNq8hw7GmAyhMHMdKBpCYkToIIBdVRXRtFmGwTP5BoVNqdnIb3tyOSjlzFlwsQ4egV+xenlDIXZ/SKWgHrKODwNh8cWGmEUA=" 

 [2024-07-08T20:44:12]  on ready read "{\"Request\":\"Log\",\"password\":\"1234\",\"username\":\"refaathassan\"}"      "6qenRsbdmDmYkstrAxoDSwIx2HZeevPYEOniGV6M6AWqAMZfm8xtX/6a/zqH2ihfQRq7Lo4Pk+ZtoNuNMeWlGQWOqSsxnK85ux13Ow84V73HH3HsHPouhuGPQNVcW8K0q1Di8ZNT0zW+ZNxB4qD0d0OcihhisxBgTy+aY6AlT6F15elT+rNgnbk/czUcHmw83JN90tRP6zp40MpxqWBP5MveVSFVc7orE+pGjUY9s1yF7LhI6l0KFmo3wA9u/Kpn8ud2WGVrGGRzp7jTZwaR1WwxXADBYknS/SSIKjQ1VscECkl6CsjuaN/ViqVlSJzt2ZDXkwbSVrJxsnWIflEMJ29/ibvKo2q4LReM1yABPsjormnMcQncL9AeK88rmnHVx7llLsL3WKGULv/venXJumeyYCXmn5Y58byGlT1irEk=" 

 [2024-07-08T20:44:12]  Request from  admin to log   

 [2024-07-08T20:44:13]  on ready read "{\"Request\":\"ViewDataBase\"}"      "YQRJgxGW4qnkMpwGoGbBRsAZ5JDjnIdkAFmAXyhxuT2WPJb9vPOdvDQUFPbvWdKG3D96zXf91FCObFJaWe3QV4hk0+NPd6kWQG9s3TFBehvSjAVe9qLjDrsRZze3lLzQY/Jwdb/25D0kpRTxF8bQFVpZGCoSfQnzm01RLpeVNaXeCUpuB2WS7mGXi+GAIDym4+lhMoMYUHkRVcmp2vv7UsP9B/+48iWUX1jEJFOV69SFwRHZz9A/H8DWWlEPDlxwMSVUtIukhmFe4CjSWIXHqMKpEC2v/2t1ocbYMUxCtFavH5muk8OsiuOC7Ytn1yHJxwp9b7XlPPFseC8oYnm/FSPYfBhDxrcgnIap5IxZz72/BQ6zcmWqPqC3A6rx6zLG" 

 [2024-07-08T20:44:13]  Request from admin to View Data Base 

 [2024-07-08T20:44:19]  on ready read "{\"Request\":\"GetAccountNumber\",\"username\":\"\"}"      "vfoyf8otzfkj5y3cQNCujT6FF/DyAKc0xoc3gxfyWpU9JQ217ITizWZK/DsHnU3C7m1p83u5IBj18OIonEYUhHjYLLZhvGbnQ7qxyDs79zrHFig4CvsccoSF1B+ut3EmPw9SCw728sPmNM/x36+M4AYYL3zsjL7yyhhXVJrKGB7s3QNo4XnwizUXuxpeHXrX9dW4GvV84Bd9x4CqlwxURELdUBeVmr2f9Vitm0Tmz/C0L9Etw92JsIGPU5QLOT28TZeEw4ii+8XOAfvLMPsmEccfII+H+i/+YtSTCRpPlN7oO+/Bz2bC02hDgXw13DtjhbiTgriD+NwxKa28pNhaLXe8Eo5cSDjaifi9EV1uSTXo4hNMbH/EkisJEwuCRDomSrctfp5hipA9xYfhFG2KOw==" 

 [2024-07-08T20:44:19]  Request from admin to Get Account Number 

 [2024-07-08T20:44:24]  on ready read "{\"Request\":\"GetAccountNumber\",\"username\":\"sd23\"}"      "vfoyf8otzfkj5y3cQNCujT6FF/DyAKc0xoc3gxfyWpWka8Yxanq75cymwF3b6YsbooRaT+9YadYXLxyoKWyHF7uW56ms0EuTf98HHuqlUYQDUdCOzoAMAWcRPjG4Cgr4IUGj4M/C71DQN7rVdxID8r5q/zQmhFV5xEPMChZD0WyAAISJ+lvzKfY/Wtx2V1ZHQO0aCS12oR+GUOFr017mxcn2w2ajPqHa3+bCV3h3PyZwF49Atn/rSsbSjlbr2ADFbeKwrz/st7BK8RHiCHogMJWz0tfX7MiyIBvKIqaUlGmpqf1r7i/JRErHGq98dfbS5i/9/zGtoj+EOmJJ0U+YfEbae/rPZdzZzpQFH7OFb102UcmDlMbSNzC3Wa/hWDbCO18GHfWZLwEaQOm73VlsoI09b0gG8WCByiNPPZ6etyQ=" 

 [2024-07-08T20:44:24]  Request from admin to Get Account Number 

 [2024-07-08T20:44:28]  on ready read "{\"Request\":\"GetAccountNumber\",\"username\":\"   \"}"      "vfoyf8otzfkj5y3cQNCujT6FF/DyAKc0xoc3gxfyWpVxYFYIzfbi6uf2nhaGcjxt9eGYoLWusPCtJTTpqK6HYw90Uwh4OdYfvV+1+l5dHFDxY7/X1F8IKwWtcf2Dyy5HZmy5CBki9VCfH8WOMM1Z70RgCk6aIF3e63bYEOvRDK0R02+GcTJV+mXNSPNr2njlT/j6ONxm+SlZ2R4MqN69+VPHCZyRqlkpceKlrr6CtwYF3okhnZOTEyOjoUCahwQpg0CHyC4E5IqRIZXN8M2/ur/DXo/upvqUn3H8ZUThxKlzxGtiSJJcAxZCnitGzER+WxthJ/nPZDraUmb88lAyAFsR1VaTcv6A/ppk5qDw5juyhgmBf64yHkFZohcHGnPkzJJj58X2RHdF+ST7Lf6p8w==" 

 [2024-07-08T20:44:28]  Request from admin to Get Account Number 

 [2024-07-08T20:45:13]  on ready read "{\"Request\":\"ViewAccountBalance\",\"accountnumber\":\"3423423\"}"      "YQRJgxGW4qnkMpwGoGbBRsXBAgAMA4KW2MJ2BmS6g5YObGzTVzaFtq+vyOVQLf2ANy3K9rLT8cNu8EkE5+hXIcv4WE1N+YXZolxg0Yrzpep9ytog5C2xKACQ3B5OeZ9hquLUefTmrPPydhbdgNEKL7Z7s9LrFaFgDAKw5hNsFUE63IZyFcnTQ296tarBzKLxFA29j+spzEFw6+WmLgZoZw4tLMYwzM9TlkmlQfPbnoUOxYbRsl9/og/poW1s5///tO301iup6e+YkUjDsmZCxPOOidnkmWayUIPmpuUf6uvfHqJ4O4hpx3uX0qmHccaYPOL+mRPZeG0q77ff/JKqdZv4ohQgoF/42Q17TCZ9tmBslRZlLGl2LuO+aLugcuIwr4ipVIcjTFA/HN/n2YZYvQYD4IYmntaF56M6trhpqXs=" 

 [2024-07-08T20:45:13]  Request from admin to View Account Balance 

 [2024-07-08T20:56:27]  on ready read "{\"Request\":\"Log\",\"password\":\"1245\",\"username\":\"alis\"}"      "6qenRsbdmDmYkstrAxoDS6LdG8HjldPy0MB+K7hi3btF2BwwqoGqVLu3Ilj7Kce2YdLf7nai+WgrIg58AfBZCog2mr4A5S2lERTq97xU4K/CGaQiHT2OzWeLM3lkxReTfOvdr6l5JuuYvnmUScRgZcadvhcl5tDQpPqeZn8IyG7hdxNSrC8IpFaVo9Q2hmaczOEYbVqTVbCO0iimEUcK8A+r9RG3SfWkFuiPk5DIQ0njxdzAl9SPVeY8Zn0vZjoh3cZP7nwTeuQW8Lx8hjgm2SaSPmJlZt9uC3wll5WvhRhZcYP0iSkJ6KrIv9C3IaU3RkVdRtm0jGr+KKtGihYDPZJMV4CxgssXZLMy4Rt3Aaas6NrQnVqDy1NNsRDAHsjC6F83s2U4F6yJ+211pDXHUZ+7DFtz9ub6ZhLum3H77vA=" 

 [2024-07-08T20:56:27]  Request from   "alis"  to log   

 [2024-07-08T20:56:30]  on ready read "{\"Request\":\"MakeTransaction\",\"amount\":10}"      "Cv63mchSR+ToqdNmyLPdTfbDupcZ+ptRx8WXrPTgFEN19vWlG2kGt+JtI5Lf3vWDIQESEsmKIhTIlmu8zUp2XJ1eNLAyKmAwWsnJ4uDKbRo9+2wz7WkDjTTD2z5KkAEk/EIcB6X3+mY22MEi8E4cniIyVQPMveczxBHpg3Oq1EaXW0ic0drBUz53VuTfLymXh0RV1IX2dFRsXBvpb+UN45HIBCXZk05xd+sU4tAVoL4XEL+g/rE5Md20sIIQqh3IqBAV1G0MVZTO+EgHXhvYcq70oa47PLk2pj6sBklkGGf6GSnjiEL3Lpu2TxLvaCxzWdh4IX4eVh0R4aO8W36/T+MnmsIGAroyrlVym6NdNShXkk7K++dCWwfdWW/pQAMwPwXl/3ZCMPoRaPHeFgKkcg==" 

 [2024-07-08T20:56:30]  Request from user   "3432"  to Make Transaction  

 [2024-07-08T20:56:38]  on ready read "{\"Request\":\"MakeTransaction\",\"amount\":-10}"      "Cv63mchSR+ToqdNmyLPdTfbDupcZ+ptRx8WXrPTgFEOokyEzpMbVY4MJeKYW1v88y3RDd8vua3v0lUGZz9HPKlfeTNG4D1mL5iteARqZ6CFDUa76LtjKOlBzZ4+/fEcT5DfXK6gP9/6b3Jj8midcW8jcsFnxXwAf72O2ulvaSscmzOz/LSFdFAeelkt1z3DnbzdLO7y2OkXEKlYqYpw74+hY+uKMKLDZRdqfjiNaap764cmqJ3gLpupplq6tiHwSEsCoQwv//NoC5S/muly2nTmO3e6u5rSOhRIfEefDJN11OEdgjUdEutLvEx4kHsdK1sfGUooJYRQaza5v0SEQQekciaS1zCFRN30yNgfSQh7OxThJrz7kTT1Mh1wweLNhClHNkpDLfDIhpSYEfgQOkg==" 

 [2024-07-08T20:56:38]  Request from user   "3432"  to Make Transaction  

 [2024-07-08T20:57:14]  on ready read "{\"Request\":\"Log\",\"password\":\"1234\",\"username\":\"refaathassan\"}"      "6qenRsbdmDmYkstrAxoDSwIx2HZeevPYEOniGV6M6AWqAMZfm8xtX/6a/zqH2ihfQRq7Lo4Pk+ZtoNuNMeWlGQWOqSsxnK85ux13Ow84V73HH3HsHPouhuGPQNVcW8K0q1Di8ZNT0zW+ZNxB4qD0d0OcihhisxBgTy+aY6AlT6F15elT+rNgnbk/czUcHmw83JN90tRP6zp40MpxqWBP5MveVSFVc7orE+pGjUY9s1yF7LhI6l0KFmo3wA9u/Kpn8ud2WGVrGGRzp7jTZwaR1WwxXADBYknS/SSIKjQ1VscECkl6CsjuaN/ViqVlSJzt2ZDXkwbSVrJxsnWIflEMJ29/ibvKo2q4LReM1yABPsjormnMcQncL9AeK88rmnHVx7llLsL3WKGULv/venXJumeyYCXmn5Y58byGlT1irEk=" 

 [2024-07-08T20:57:14]  Request from  admin to log   

 [2024-07-08T20:57:15]  on ready read "{\"Request\":\"GetAccountNumber\",\"username\":\"\"}"      "vfoyf8otzfkj5y3cQNCujT6FF/DyAKc0xoc3gxfyWpU9JQ217ITizWZK/DsHnU3C7m1p83u5IBj18OIonEYUhHjYLLZhvGbnQ7qxyDs79zrHFig4CvsccoSF1B+ut3EmPw9SCw728sPmNM/x36+M4AYYL3zsjL7yyhhXVJrKGB7s3QNo4XnwizUXuxpeHXrX9dW4GvV84Bd9x4CqlwxURELdUBeVmr2f9Vitm0Tmz/C0L9Etw92JsIGPU5QLOT28TZeEw4ii+8XOAfvLMPsmEccfII+H+i/+YtSTCRpPlN7oO+/Bz2bC02hDgXw13DtjhbiTgriD+NwxKa28pNhaLXe8Eo5cSDjaifi9EV1uSTXo4hNMbH/EkisJEwuCRDomSrctfp5hipA9xYfhFG2KOw==" 

 [2024-07-08T20:57:15]  Request from admin to Get Account Number 

 [2024-07-08T20:59:57]  on ready read "{\"Request\":\"Log\",\"password\":\"1234\",\"username\":\"refaathassan\"}"      "6qenRsbdmDmYkstrAxoDSwIx2HZeevPYEOniGV6M6AWqAMZfm8xtX/6a/zqH2ihfQRq7Lo4Pk+ZtoNuNMeWlGQWOqSsxnK85ux13Ow84V73HH3HsHPouhuGPQNVcW8K0q1Di8ZNT0zW+ZNxB4qD0d0OcihhisxBgTy+aY6AlT6F15elT+rNgnbk/czUcHmw83JN90tRP6zp40MpxqWBP5MveVSFVc7orE+pGjUY9s1yF7LhI6l0KFmo3wA9u/Kpn8ud2WGVrGGRzp7jTZwaR1WwxXADBYknS/SSIKjQ1VscECkl6CsjuaN/ViqVlSJzt2ZDXkwbSVrJxsnWIflEMJ29/ibvKo2q4LReM1yABPsjormnMcQncL9AeK88rmnHVx7llLsL3WKGULv/venXJumeyYCXmn5Y58byGlT1irEk=" 

 [2024-07-08T20:59:57]  Request from  admin to log   

 [2024-07-08T21:02:29]  on ready read "{\"Request\":\"Log\",\"password\":\"1234\",\"username\":\"refaathassan\"}"      "6qenRsbdmDmYkstrAxoDSwIx2HZeevPYEOniGV6M6AWqAMZfm8xtX/6a/zqH2ihfQRq7Lo4Pk+ZtoNuNMeWlGQWOqSsxnK85ux13Ow84V73HH3HsHPouhuGPQNVcW8K0q1Di8ZNT0zW+ZNxB4qD0d0OcihhisxBgTy+aY6AlT6F15elT+rNgnbk/czUcHmw83JN90tRP6zp40MpxqWBP5MveVSFVc7orE+pGjUY9s1yF7LhI6l0KFmo3wA9u/Kpn8ud2WGVrGGRzp7jTZwaR1WwxXADBYknS/SSIKjQ1VscECkl6CsjuaN/ViqVlSJzt2ZDXkwbSVrJxsnWIflEMJ29/ibvKo2q4LReM1yABPsjormnMcQncL9AeK88rmnHVx7llLsL3WKGULv/venXJumeyYCXmn5Y58byGlT1irEk=" 

 [2024-07-08T21:02:29]  Request from  admin to log   

 [2024-07-08T21:02:33]  on ready read "{\"Request\":\"GetAccountNumber\",\"username\":\"asd\"}"      "vfoyf8otzfkj5y3cQNCujT6FF/DyAKc0xoc3gxfyWpUaehBa/wYe92kPJ3V1km9e3lPY5Q04o55ASg56700IGYMR/BaKkGGl5MQE12BMPG9UcMvuHSSIOHMc11r59VHMYbXp7dN/8h+8JGWHd31F3/MMAnEPxPqMh71/5tRahb8cFP6EEpJo+c6D9FljLoYqkTaatK0z9FLhlM9eBxp7G7fjKgw5edvZLCYfUVPxiOO/LpegS1/Fb/VfC3a2LC+qweKd2KwoTCZaTZYQRb0VmrwC7W6BS9b018nYdSk3uaK6kXvaVcE5JBzj0dMXH/I+Wmwn+opPtdvovS4YfqhOUNjpqGDLz3tA5QoqvRHSARIoqOQ1DQQOQ4447TUpQgESU/q5SoVmKync3NJyxaSIww==" 

 [2024-07-08T21:02:33]  Request from admin to Get Account Number 

 [2024-07-08T21:02:35]  on ready read "{\"Request\":\"GetAccountNumber\",\"username\":\"alis\"}"      "vfoyf8otzfkj5y3cQNCujT6FF/DyAKc0xoc3gxfyWpU24qTBvjXTlZMXIx/73xPqrAmdkeK5V/snScbDSIAvq4hzevZny0+bVAoiZooDS31kDXgrI07+q07Ava7gWrlb2qhzRJNoKt9M2T3V+eIXZnYkn57Wav0Th7RWTAuyu2RonI6l0JfAFxZCdBy4VQp1sYcHGv9O9mKwjPKhexhH5o+rlMkl5ZQ/Gf+3z1e18DBPq/BCGgicabnyJVkw3XPQXY1c0Wt8vr3Fp5d8Kw58Hxm4ZkPdC/GvK0xaRWZYxpAWeO3nO3jnrNlu4bAJ0VtcwaIu1npJhPqUUL5Ctut32IN4UZ+EieVHyY/jP4pJjHOmQnCq/Af6c4ZI/8r91RIQ2tPOPPQj0uPW0+Nc6qBVwI7ReKLfi2YyJAQRSf7uJkY=" 

 [2024-07-08T21:02:35]  Request from admin to Get Account Number 

 [2024-07-08T21:02:43]  on ready read "{\"Request\":\"ViewAccountBalance\",\"accountnumber\":\"3432\"}"      "YQRJgxGW4qnkMpwGoGbBRsXBAgAMA4KW2MJ2BmS6g5YObGzTVzaFtq+vyOVQLf2AfiVW+LhAosIM2m7iV2CiJpRLhVqI35geJZOZd75YE4i+AQClQhtv16OdxsIZ4E8N60PianiMEX+8mOBmRTQme7MUuw9v5RLjgLrgljQsUcJxwgHmJdQ1aBX4IgkDel2ejSP6t2uWuABXOURB+5/N6g7DGe8ziAgnjZ9vQ4AatI3LvcO1oA/ZqRUhQ/aoG6pw5TexkGcnwwkG8WfOecUXoGADFZxV/V4KDRJ9QT8RDaIymaCl2/QSHzs4q/tG2cxlMiTqXUIkvF/jp+XJ8JtJVLlESd7aTl50sSNtkNn2NSOsZAJ0kODc0glRPfZo9ch6dQEkVbPro6hQXK7JxdDMIxodltDio6Uh+e70ju+NDDc=" 

 [2024-07-08T21:02:43]  Request from admin to View Account Balance 

 [2024-07-08T21:02:56]  on ready read "{\"Request\":\"ViewTransactionHistory\",\"accountnumber\":\"\",\"count\":5}"      "YQRJgxGW4qnkMpwGoGbBRpmh8in7CIkhIe8Zsp7uSlyahoI4/5ArFsLNp3NF5Lm7hPsFb9j36q8YW9t2G+T8Y21UJvcf/tDz1UP117JeLSojMknZtBOzZxcZ9TNN0FdiVDHWHSfSHmHpmeVsOUSZwvybkuTGJISI0g66OpT3ptIA0W2HfouZIrUsKLU97UVh8LtMTO0YXNIRI4iza9mQQPMpYyP/7cNvNOIRH89AATyaW7IQ3CfYDN2jQpB7VFM0Xa2zf+hNzI7mcqMwmFlUdHSW8+R4B/c392PPNl30iHdL1wxRSCIJ1Z6KmvXA080ARuSdgObUCnF+vsIv9BET8YUFJJVYoMyYi3zGjjWP6XwTiO8MjHZ87SOdNIHKxfUYID2q3FwktAOOcFWn+SM+05wikNCEtfYbLkn5iaT5Q9u5+ScMi3LyHe2W3hFyGow1" 

 [2024-07-08T21:02:56]  Request from admin to View Transaction History 

 [2024-07-08T21:03:04]  on ready read "{\"Request\":\"ViewTransactionHistory\",\"accountnumber\":\"34323\",\"count\":5}"      "YQRJgxGW4qnkMpwGoGbBRpmh8in7CIkhIe8Zsp7uSlyahoI4/5ArFsLNp3NF5Lm75JD9zRJkK8Ns6jy8LAa1G5O91R/1MQ79GucILAMG51EI0ppZDp1pANpxK3P1g/OA1sXM24KRuZ+rRzpF8OtzfOJOJSeiES81fB8W38PgrEHbAbV2lYlKuvitvCmmDLh2wAfnKGi+OcpG8yfpzGbY2uUcodkFr2O1bhCZZNi86OL4/ysP3PKqayOZruo7oLx/hSk8hG9kL7I6ZKfVorkmrj36G3l/XDNhiSw5xIM25YLZ3EWCqKROW1Wc/QHK1el6ARO9lnpGCRlFFRZxdLwFWkgksjDOx4JOx1z+Q2f9RO5h6XwOxSdXegOqQ+HXOWgcOMqMztpU31qU2bYWUY5ZUd+dG0Q9rlnuC6wn0O8qyykLzk7nshawggn41+4+nzqr" 

 [2024-07-08T21:03:04]  Request from admin to View Transaction History 

 [2024-07-08T21:03:09]  on ready read "{\"Request\":\"ViewTransactionHistory\",\"accountnumber\":\"3432\",\"count\":5}"      "YQRJgxGW4qnkMpwGoGbBRpmh8in7CIkhIe8Zsp7uSlyahoI4/5ArFsLNp3NF5Lm7RR4ao9DbecaL3zO2i4TzubSNFW0WiMV3yaLt5YgsTD5f4RdIb6F5CXzA3iMSyPx02GOJXt8BlxpsA1byvMU2jUAMs76n9AaHYjjYQtc+5I6gfzcDE7PxpmLSu23NvyeoQklKiEzwATqmiy1axSEzZRkjdrCJTmLk41SET5X45Vgub1XQTiZo75pnhOWPD3iHBFT0RzlMLqKoUQ6/E8P5eXFt7sPAynDxt9jibO5Lpyl4SUVrFYAcPNtg2jm7HNLTby3qG7ZuaUS7VbuwcFZmxK3pfN2uirObofv7lNYfvIc52la8DqZ7AA87PYki0B0rAakuQdJTtF92DAorlmbvCKx5DYKXGuu5JUrYPcup4eiLecZjMzZbFDR8uP35Y1gq" 

 [2024-07-08T21:03:09]  Request from admin to View Transaction History 

 [2024-07-08T21:03:19]  on ready read "{\"Request\":\"ViewTransactionHistory\",\"accountnumber\":\"3432\",\"count\":5}"      "YQRJgxGW4qnkMpwGoGbBRpmh8in7CIkhIe8Zsp7uSlyahoI4/5ArFsLNp3NF5Lm7RR4ao9DbecaL3zO2i4TzubSNFW0WiMV3yaLt5YgsTD5f4RdIb6F5CXzA3iMSyPx02GOJXt8BlxpsA1byvMU2jUAMs76n9AaHYjjYQtc+5I6gfzcDE7PxpmLSu23NvyeoQklKiEzwATqmiy1axSEzZRkjdrCJTmLk41SET5X45Vgub1XQTiZo75pnhOWPD3iHBFT0RzlMLqKoUQ6/E8P5eXFt7sPAynDxt9jibO5Lpyl4SUVrFYAcPNtg2jm7HNLTby3qG7ZuaUS7VbuwcFZmxK3pfN2uirObofv7lNYfvIc52la8DqZ7AA87PYki0B0rAakuQdJTtF92DAorlmbvCKx5DYKXGuu5JUrYPcup4eiLecZjMzZbFDR8uP35Y1gq" 

 [2024-07-08T21:03:20]  Request from admin to View Transaction History 

 [2024-07-08T21:03:49]  on ready read "{\"Request\":\"MakeTransaction\",\"amount\":32}"      "Cv63mchSR+ToqdNmyLPdTfbDupcZ+ptRx8WXrPTgFENUQC2Y5Kiu1sOyfWZyqC6xpNbCkPzA03Xd8yidHtItYQkoGUfEl1ER355Nc51QuciwXWZXlnej3YvZ3L5j96FscNEFL4sRxwtkY/nAaRAwZaxJRjbWm+iAegwVeWBTd3l284pq2/MyGarQNPfs8wFdl9w0VY418h/k0dOOaAre6d0xRfXcHNzDT7A0OJ0S6a+5bMOhr84AicmOZxCS68sLo2s86cFf/1Mnrf8vYCFkkl+llWXZNmrNJYP100hdZ0ijGPDOoYYnDMIZxG4lcuIvKMbw5wKfL9V5fvWVOo1CuCcvovqeaqxbV5EV483qtcO21e075ATeAZM2gJodZrib74qav7Jx+8Xe88QWIRuP+Q==" 

 [2024-07-08T21:03:49]  Request from user   ""  to Make Transaction  

 [2024-07-08T21:03:58]  on ready read "{\"Request\":\"MakeTransaction\",\"amount\":32}"      "Cv63mchSR+ToqdNmyLPdTfbDupcZ+ptRx8WXrPTgFENUQC2Y5Kiu1sOyfWZyqC6xpNbCkPzA03Xd8yidHtItYQkoGUfEl1ER355Nc51QuciwXWZXlnej3YvZ3L5j96FscNEFL4sRxwtkY/nAaRAwZaxJRjbWm+iAegwVeWBTd3l284pq2/MyGarQNPfs8wFdl9w0VY418h/k0dOOaAre6d0xRfXcHNzDT7A0OJ0S6a+5bMOhr84AicmOZxCS68sLo2s86cFf/1Mnrf8vYCFkkl+llWXZNmrNJYP100hdZ0ijGPDOoYYnDMIZxG4lcuIvKMbw5wKfL9V5fvWVOo1CuCcvovqeaqxbV5EV483qtcO21e075ATeAZM2gJodZrib74qav7Jx+8Xe88QWIRuP+Q==" 

 [2024-07-08T21:03:58]  Request from user   ""  to Make Transaction  

 [2024-07-08T21:08:50]  on ready read "{\"Request\":\"Log\",\"password\":\"1234\",\"username\":\"refaathassan\"}"      "6qenRsbdmDmYkstrAxoDSwIx2HZeevPYEOniGV6M6AWqAMZfm8xtX/6a/zqH2ihfQRq7Lo4Pk+ZtoNuNMeWlGQWOqSsxnK85ux13Ow84V73HH3HsHPouhuGPQNVcW8K0q1Di8ZNT0zW+ZNxB4qD0d0OcihhisxBgTy+aY6AlT6F15elT+rNgnbk/czUcHmw83JN90tRP6zp40MpxqWBP5MveVSFVc7orE+pGjUY9s1yF7LhI6l0KFmo3wA9u/Kpn8ud2WGVrGGRzp7jTZwaR1WwxXADBYknS/SSIKjQ1VscECkl6CsjuaN/ViqVlSJzt2ZDXkwbSVrJxsnWIflEMJ29/ibvKo2q4LReM1yABPsjormnMcQncL9AeK88rmnHVx7llLsL3WKGULv/venXJumeyYCXmn5Y58byGlT1irEk=" 

 [2024-07-08T21:08:50]  Request from  admin to log   

 [2024-07-08T21:08:55]  on ready read "{\"Request\":\"DeleteUser\",\"accountnumber\":\"23\"}"      "G0Xqeu9hzUtYyYhOJeBZDysab4Unq9/V1LxsK8IJYGH8P40Z52DsJbBaS4wtaysEJm0O6tnzhdc2E/reCPSXm9/at2nwM6T7TBWeg1faPjNGed7Tyemt1p6+WyKRXXGtwoK2+Yz45m66No1kbNqoNdE3kM0haFRSMtCruYl7c+eGnOTfbz7ccxnYNdc5DE6AkcGp5J9qomSi7gjoapiczlj9zrURQt+LBRFhlj1PAKcsy9bR2A2CV/YbrSxNv87jOfOSfR3kgLuRydLNSXkr4Gyr9ZrWeSUN6sM2xgJquoCYWLb1+D8c24irPqYPRD+QxCqTSIOc/fY2F9QOizD1Na/q+9/vecL++1CGJbU6JVAHrcpEakOfs521RX24pGBwiSFcfV5U00aRuAZJZZ7fzQ==" 

 [2024-07-08T21:08:55]  Request from admin to Delete User 

 [2024-07-08T21:09:08]  on ready read "{\"Request\":\"DeleteUser\",\"accountnumber\":\"3232\"}"      "G0Xqeu9hzUtYyYhOJeBZDysab4Unq9/V1LxsK8IJYGEqNQNmpEti9A8g0yu/1YboZWr9bSla3AK5et0JffOr3L5cBmzvfY6TYkDGuxFUrY4Nbg5AdT7RM3It/A2cSrJp4NA0YShMroheLC3QZaLQKnP7n0Adjub03G9R2Qqbf3Yf1filwpyqSvbuYsePSK60Hl4VBelPod0G4XVZI/TKKMUf37fbdvNZ8g9CuQ1Vw/ZvKFEg4lTcH0RlhE3epoP21DIvTFqZDS+SVA1ftvkf3hw2NJUIG4ZNp8tZVpx7AWmDBopAP2DCrUedPqLimXuSjqiMlQ7fgRJBINtPX3Vpoq/xHvSyB6REAIm8Q5nII0Mky1fJVbGGEqSfScagzTSHmFuxSD7MitFwrTddF+cZZw==" 

 [2024-07-08T21:09:08]  Request from admin to Delete User 

 [2024-07-08T21:09:12]  on ready read "{\"Request\":\"DeleteUser\",\"accountnumber\":\"3432\"}"      "G0Xqeu9hzUtYyYhOJeBZDysab4Unq9/V1LxsK8IJYGHrsH8JwLrp86TpohlS8lbEp4UWrvzq81XKGtf95Tb9kHUWQORLZzmDeplUHM705APMh+mkG3cSpdEGAN1zm+GlmI2zyLNsJfIwB7FZJnH2HdM7aZ/vemhDYAEpZA15gbQ1d8GTyZIvGt/q4UgcGaAuF00u902gFO6skO/bfVO7JD4BPI5Uw/eVrJ3qFP6VagBYEnlRnp4VSaDDzjtzvSOFz33SQebzpG9yfHcvU/JyXRUPkt6e/9UpE1pLS+PcUtREq3AR5Lo6ZVGpp3ZKrKkJ4aDEu13VB9yO9BoBOpGqLiP5hrzDaCLBM+mqVmEwPogJW2K6lelIW0KyEzUQ8lf8SyJGb9+ChxJ4GJeJ//iILw==" 

 [2024-07-08T21:09:12]  Request from admin to Delete User 

 [2024-07-08T21:09:35]  on ready read "{\"Request\":\"AddUser\",\"fullname\":\"refathasn\",\"password\":\"897\",\"type\":\"user\",\"username\":\"refo\"}"      "joCbQwHKPmQ//eak0roFtow0APFQo23iBZXcQ1zKXsQqvz+dm//K8tIClrTW9UzlQ3bQ+3DyYKzi6mQJvqrI+D2pH8LkHAIgBIOcHIS/G9K8F0EQ0Z8n53JNgCOqyxaoN2TLnN0Y+v8wzVZs8NYi7w6/K3w2pxCBK4pPeDhUlnWfOp44okCr9MaElnagErPrHGDuEyaSf4LZbwMxaWgLH4HqKx+V0z08tj+3iox/5FmvhBGTLkwT2aVkJBYmhc9M5AGP/QVfMpAZmAh5y1tS0uhfNipxfJmp+fAAGOCstTwP00w87TxHNqnmM/pMPFIWoJxJf87jHfsjHNKTGE0h6mvZNEW/Kwo5e6TdMFXhl9OEuQuNvLRJ9zgSbkk0OeVdNa8s3M1hA1gkt7cfR9yj/W7lPiZ19gdVG4Vb4BC9IkzUDVOsqGCoUqpwZiECvmyEQ5kiVT/FH5u86ze1RreU1w==" 

 [2024-07-08T21:09:35]  Request from admin to AddUser 

 [2024-07-08T21:16:38]  on ready read "{\"Request\":\"Log\",\"password\":\"12345\",\"username\":\"mohamed\"}"      "6qenRsbdmDmYkstrAxoDSwIx2HZeevPYEOniGV6M6AXpIqDJniDUoHMzbJjR8Aw1rEdFptreKv3KvaKhlpLxZrNL9B+3cItl3EQ0pcXGFdGUeZFJFVyk1yecqe7l2ZdeXzKRMBwcv99ls979OoFy5iZarxei17RjEI0j31l+kx3YyV48l/zSM0L2CHPC52jYErXfsdAJUG21lFsZksLgvF1iIN8T09Jjs/648PqKFw1krRTz4T72c/7coyqWbYw/ypw/OGbj/RkXuqTOzCPsiYe8HUjGpcZARYIww0hqNQzxDD4V4jFY9vFbbY0tAJjrJO3V19EZpMYZFDlZNg7iR/fehGyc3fZZHQY6swZ6QpmthcRacqLSIZzXLE69pSuvvVLHBkzOWk/6TglFnP4YWV+CaYC0KZy8Gk5grvTPh5Y=" 

 [2024-07-08T21:16:38]  Request from   "mohamed"  to log   

 [2024-07-08T21:16:39]  on ready read "{\"Request\":\"GetAccountNumber\"}"      "vfoyf8otzfkj5y3cQNCujawfsCNENcQadSUUpMnQnVjitb0Ed7k2sC4WZ+/tr7hxe0CFFNSKHNmBOByi0+wgr0HlkX6BCI2v4peEdFT0GcQCWj/56eZLl4t7hixDl4nmRFKNwYbe+PJyaF81C0IqoM5MJgBUmG7auzz85osuXSAwgNDEf+SQm1L7vGD1KXsRW4Be17eqEWR0dZ3q1uNoMbX2yOKsuuPvu1e01smDnjchztovKwrSMfgDocnMUCtpraLY39K+KpcXWFzL2Ulpm45rR6X1d920jUn0ghv0aHMSWbv/7YUphWW4Jao6M1DkvJVATL6snvrQZdiFh6SHSa+mlEFqRFMQxPEaRjX1e15juX+Q74gZx2Ke2oiv2f+3" 

 [2024-07-08T21:16:39]  Request from user   "34323"  to Get Account Number   

 [2024-07-08T21:16:39]  on ready read "{\"Request\":\"ViewAccountBalance\"}"      "YQRJgxGW4qnkMpwGoGbBRl3zYatUNXKbdXxdKGFftxpXIu+Opdu4J21LT7+N9kN3UCz+DDabGkJiDSdP0o0xfRESgP1z0uEfL60LW/CvRgVUsGR3PqtQxGDqRUVSo3uWEwyCOVS3nMS8QLEOmXxyDYW5W5uVriNonN4TlG1isk4SFtm9GojClxQwsoy3tpGzQeDddSbs8vduy+AzcfgId4JzBXeXP+BMjSkjGcGU214O5U6gqdxWMEsl8k4zSxX3xryPjPYWzyQ0PaLygcesFth8+dHT4tmlC+TPYYeiXANW065zdbEs74I/IltJFvHz4ZJ6wTln3rxfGGdxTpzgxRX8cCrRx34cQBIqn9iBy+eN2TwJhXjLKljtAGV5j2ENJTBNpDNrUmrtqWqPlcqUAQ==" 

 [2024-07-08T21:16:39]  Request from user   "34323"  to View Account Balance 

 [2024-07-08T21:16:40]  on ready read "{\"Request\":\"ViewTransactionHistory\",\"count\":5}"      "YQRJgxGW4qnkMpwGoGbBRpmh8in7CIkhIe8Zsp7uSlzFhEIBWQyvd3H5iVE8t53opBmw7p6Cga8IWhrtadCrh8XuFuruKEKSF8duMHNgk28C1YZQJEZW1t1iyhMjnuNPOp1hzYEx8CW7GVe+1Gkw5ltFcsl9/O8Ti//XYrRYSNAfHcKXEYhsWqSPpGwSb4Ezu1sG95pM3rUekNaC+Mklk3A9T2HVidhAPOJu7at54mzOR1gFbu1sGJxcntHlJe5MaDQWTlBFBer5JA/VBi3AGdkQsbL9McrA6F4YEbTVZkGe3d5q9YC5V8h8znBAPQ2z7nl9FQW0bLSUKoLCxMTLrPrayC3RjxVsFkz0ofBvvof4VUMDhNx4+0FqTDphXKfTaaEhXF3XeZPb8KNvQaGMIQ==" 

 [2024-07-08T21:16:40]  Request from user   "34323"  to View Transaction History 

 [2024-07-08T21:16:55]  on ready read "{\"Request\":\"TransferAmount\",\"accountnumber\":\"253727\",\"amount\":20}"      "lhooI47yGBUj2G81IjwMvGAdjFxQuiQXwc094xvFPk/Vvv4Tfnj2e5T/AYfTufMlJVwqmmbUdTt7+rjQaIUOALKsGC0FToWvvTAJfgJ9c0gC3jK6UyuvZwHJWVk9lWClySFNZFxXQ4QmZS2gaO/OoiqK5FhzL1ULV3Iy5yy/SVPdp2lJCGatedtAn8Z5Rq13oiGr/KR2KpQWog9ZOdQ/fWA8sikWSWUzlegJ5r6PZo3nXjhDinGiAoeU3jgnfAxnII6K7+EXnFA7pnUn5yjTzayp/gNnlKlcMpHsUeCNnC4E9jLRLimBwaLHzJ0F/iRHX1p/KcvRsAyEq8AkVvoqhHNyWAVbXU5C7Ca1Zfnc5uRrta7uPY7VI8DGT/jQU/NX3pGg7gRpcj6Axl59ulHE+29pH2RXIiohA4gRQ9vBqXqua4E3V8GZwo6cgfvpBUAD" 

 [2024-07-08T21:16:55]  Request from user   "34323"  to Transfer Amount  

 [2024-07-08T21:17:25]  on ready read "{\"Request\":\"TransferAmount\",\"accountnumber\":\"253727\",\"amount\":20}"      "lhooI47yGBUj2G81IjwMvGAdjFxQuiQXwc094xvFPk/Vvv4Tfnj2e5T/AYfTufMlJVwqmmbUdTt7+rjQaIUOALKsGC0FToWvvTAJfgJ9c0gC3jK6UyuvZwHJWVk9lWClySFNZFxXQ4QmZS2gaO/OoiqK5FhzL1ULV3Iy5yy/SVPdp2lJCGatedtAn8Z5Rq13oiGr/KR2KpQWog9ZOdQ/fWA8sikWSWUzlegJ5r6PZo3nXjhDinGiAoeU3jgnfAxnII6K7+EXnFA7pnUn5yjTzayp/gNnlKlcMpHsUeCNnC4E9jLRLimBwaLHzJ0F/iRHX1p/KcvRsAyEq8AkVvoqhHNyWAVbXU5C7Ca1Zfnc5uRrta7uPY7VI8DGT/jQU/NX3pGg7gRpcj6Axl59ulHE+29pH2RXIiohA4gRQ9vBqXqua4E3V8GZwo6cgfvpBUAD" 

 [2024-07-08T21:17:25]  Request from user   "34323"  to Transfer Amount  

 [2024-07-08T21:17:47]  on ready read "{\"Request\":\"TransferAmount\",\"accountnumber\":\"253727\",\"amount\":5}"      "lhooI47yGBUj2G81IjwMvGAdjFxQuiQXwc094xvFPk/Vvv4Tfnj2e5T/AYfTufMlQ1PvQVF7Z8yeGIn+Qe25GeRLYWevo2yE87ODrixpOE7MkU6FOQaeY0XCF2hNQ2/bNsiNVKMnj7/V5z7hFSZlsYZj6YbVRjWuBn6rMbeF6AuVyMzU/Su8T8OYpVKCMaXLf4pFljwNr1Me3SUP8lyIcrWt4KAiDA67nfdBRMbkwtEZ4aQ8w5D7z/4hpmNxoly5Mr6c5ub20iBPkOLPzbWzj6z8suzmOhwtkA0n2JKI4kgk1fB4ZUiLf1xFm7AQevDxGRa/XBKkCcTMoLn3Hvl5+sat4VafP6jZLARVwt8NOm2rSSGnoXItRu+fM+ZjH5HpCjhIfX4/DYsQK92dyfDcTIsAM3jqi7dIadTLv87jmj1SNL0iCsoRBlfG5w+QbFi+" 

 [2024-07-08T21:17:47]  Request from user   "34323"  to Transfer Amount  

 [2024-07-08T21:19:57]  on ready read "{\"Request\":\"Log\",\"password\":\"1234\",\"username\":\"refaathassan\"}"      "6qenRsbdmDmYkstrAxoDSwIx2HZeevPYEOniGV6M6AWqAMZfm8xtX/6a/zqH2ihfQRq7Lo4Pk+ZtoNuNMeWlGQWOqSsxnK85ux13Ow84V73HH3HsHPouhuGPQNVcW8K0q1Di8ZNT0zW+ZNxB4qD0d0OcihhisxBgTy+aY6AlT6F15elT+rNgnbk/czUcHmw83JN90tRP6zp40MpxqWBP5MveVSFVc7orE+pGjUY9s1yF7LhI6l0KFmo3wA9u/Kpn8ud2WGVrGGRzp7jTZwaR1WwxXADBYknS/SSIKjQ1VscECkl6CsjuaN/ViqVlSJzt2ZDXkwbSVrJxsnWIflEMJ29/ibvKo2q4LReM1yABPsjormnMcQncL9AeK88rmnHVx7llLsL3WKGULv/venXJumeyYCXmn5Y58byGlT1irEk=" 

 [2024-07-08T21:19:57]  Request from  admin to log   

 [2024-07-08T21:20:11]  on ready read "{\"Request\":\"AddUser\",\"fullname\":\"sdf fsa\",\"password\":\"21\",\"type\":\"user\",\"username\":\"saf\"}"      "joCbQwHKPmQ//eak0roFtow0APFQo23iBZXcQ1zKXsR4p/rKSGyaA6LnXmxQOrJRQbyX4qvvu+Lzfm6Vl/Q3A+m8VXSUfsYmhp9c2kfv/gJLJz1F4zLVoEP0m11k2MzDZPjTjShlRDINnIR/b4LbIG3mJYkNKxR8L24cW1JLEU9oksDK6x4sQH8lYcXRGmVTKIm7mg8Z+G/vF/Z/Syr3yN9bINmRvg5iIn0ETCFXjsZWP0LmcwLZUtVl3xbzNM0U1OiTcawKQ2Ag0lcNabZYqiFZzaiZ9Hphq5lQqdDhjqcc0hV/PdtOItlXmMOVpy1RDW8vW/mRZXzUCBJ0WzINgC57Htc7YZ7oXxnLDmUXnsVBqaB6vX21ygDxmmhJk4uGiHMtHxypk8yRkYa0Lgib3ANG0XZudLNiJ+8GNpRSiie21kMMiYUSOHWARyDSgYq76x89HOLUhL1CtOaHXrRdNQ==" 

 [2024-07-08T21:20:11]  Request from admin to AddUser 

